<?xml version="1.0" encoding="UTF-8" ?>
<testsuites>
  <testsuite aborted="0" failures="0" id="0" name="CourseBaseInfoServiceTests" package="com.xuecheng.content" skipped="0" tests="2" time="0.752" timestamp="2025-12-14T02:44:29">
    <properties>
[...]
</properties>
    <testcase classname="com.xuecheng.content.CourseBaseInfoServiceTests" name="testQueryCourseBaseList_NullParams()" time="0.681" />
    <testcase classname="com.xuecheng.content.CourseBaseInfoServiceTests" name="testQueryCourseBaseList_WithConditions()" time="0.003" />
  </testsuite>
  <testsuite aborted="0" failures="1" id="1" name="CourseBaseMapperTests" package="com.xuecheng.content" skipped="0" tests="1" time="18.302" timestamp="2025-12-14T02:44:47">
    <properties>
[...]
</properties>
    <testcase classname="com.xuecheng.content.CourseBaseMapperTests" name="testCourseBaseMapper()" time="0.003">
      <failure message="Failed to load ApplicationContext" type="java.lang.IllegalStateException"><![CDATA[java.lang.IllegalStateException: Failed to load ApplicationContext
	at org.springframework.test.context.cache.DefaultCacheAwareContextLoaderDelegate.loadContext(DefaultCacheAwareContextLoaderDelegate.java:132)
	at org.springframework.test.context.support.DefaultTestContext.getApplicationContext(DefaultTestContext.java:123)
	at org.springframework.test.context.web.ServletTestExecutionListener.setUpRequestContextIfNecessary(ServletTestExecutionListener.java:190)
	at org.springframework.test.context.web.ServletTestExecutionListener.prepareTestInstance(ServletTestExecutionListener.java:132)
	at org.springframework.test.context.TestContextManager.prepareTestInstance(TestContextManager.java:244)
	at org.springframework.test.context.junit.jupiter.SpringExtension.postProcessTestInstance(SpringExtension.java:98)
	at org.junit.jupiter.engine.descriptor.ClassBasedTestDescriptor.lambda$invokeTestInstancePostProcessors$5(ClassBasedTestDescriptor.java:341)
	at org.junit.jupiter.engine.descriptor.ClassBasedTestDescriptor.executeAndMaskThrowable(ClassBasedTestDescriptor.java:346)
	at org.junit.jupiter.engine.descriptor.ClassBasedTestDescriptor.lambda$invokeTestInstancePostProcessors$6(ClassBasedTestDescriptor.java:341)
	at java.util.stream.ReferencePipeline$3$1.accept(ReferencePipeline.java:193)
	at java.util.stream.ReferencePipeline$2$1.accept(ReferencePipeline.java:175)
	at java.util.ArrayList$ArrayListSpliterator.forEachRemaining(ArrayList.java:1384)
	at java.util.stream.AbstractPipeline.copyInto(AbstractPipeline.java:482)
	at java.util.stream.AbstractPipeline.wrapAndCopyInto(AbstractPipeline.java:472)
	at java.util.stream.StreamSpliterators$WrappingSpliterator.forEachRemaining(StreamSpliterators.java:312)
	at java.util.stream.Streams$ConcatSpliterator.forEachRemaining(Streams.java:743)
	at java.util.stream.Streams$ConcatSpliterator.forEachRemaining(Streams.java:742)
	at java.util.stream.ReferencePipeline$Head.forEach(ReferencePipeline.java:580)
	at org.junit.jupiter.engine.descriptor.ClassBasedTestDescriptor.invokeTestInstancePostProcessors(ClassBasedTestDescriptor.java:340)
	at org.junit.jupiter.engine.descriptor.ClassBasedTestDescriptor.instantiateAndPostProcessTestInstance(ClassBasedTestDescriptor.java:263)
	at org.junit.jupiter.engine.descriptor.ClassBasedTestDescriptor.lambda$testInstancesProvider$2(ClassBasedTestDescriptor.java:256)
	at java.util.Optional.orElseGet(Optional.java:267)
	at org.junit.jupiter.engine.descriptor.ClassBasedTestDescriptor.lambda$testInstancesProvider$3(ClassBasedTestDescriptor.java:255)
	at org.junit.jupiter.engine.execution.TestInstancesProvider.getTestInstances(TestInstancesProvider.java:29)
	at org.junit.jupiter.engine.descriptor.TestMethodTestDescriptor.lambda$prepare$0(TestMethodTestDescriptor.java:108)
	at org.junit.platform.engine.support.hierarchical.ThrowableCollector.execute(ThrowableCollector.java:73)
	at org.junit.jupiter.engine.descriptor.TestMethodTestDescriptor.prepare(TestMethodTestDescriptor.java:107)
	at org.junit.jupiter.engine.descriptor.TestMethodTestDescriptor.prepare(TestMethodTestDescriptor.java:71)
	at org.junit.platform.engine.support.hierarchical.NodeTestTask.lambda$prepare$2(NodeTestTask.java:123)
	at org.junit.platform.engine.support.hierarchical.ThrowableCollector.execute(ThrowableCollector.java:73)
	at org.junit.platform.engine.support.hierarchical.NodeTestTask.prepare(NodeTestTask.java:123)
	at org.junit.platform.engine.support.hierarchical.NodeTestTask.execute(NodeTestTask.java:90)
	at java.util.ArrayList.forEach(ArrayList.java:1259)
	at org.junit.platform.engine.support.hierarchical.SameThreadHierarchicalTestExecutorService.invokeAll(SameThreadHierarchicalTestExecutorService.java:41)
	at org.junit.platform.engine.support.hierarchical.NodeTestTask.lambda$executeRecursively$6(NodeTestTask.java:155)
	at org.junit.platform.engine.support.hierarchical.ThrowableCollector.execute(ThrowableCollector.java:73)
	at org.junit.platform.engine.support.hierarchical.NodeTestTask.lambda$executeRecursively$8(NodeTestTask.java:141)
	at org.junit.platform.engine.support.hierarchical.Node.around(Node.java:137)
	at org.junit.platform.engine.support.hierarchical.NodeTestTask.lambda$executeRecursively$9(NodeTestTask.java:139)
	at org.junit.platform.engine.support.hierarchical.ThrowableCollector.execute(ThrowableCollector.java:73)
	at org.junit.platform.engine.support.hierarchical.NodeTestTask.executeRecursively(NodeTestTask.java:138)
	at org.junit.platform.engine.support.hierarchical.NodeTestTask.execute(NodeTestTask.java:95)
	at java.util.ArrayList.forEach(ArrayList.java:1259)
	at org.junit.platform.engine.support.hierarchical.SameThreadHierarchicalTestExecutorService.invokeAll(SameThreadHierarchicalTestExecutorService.java:41)
	at org.junit.platform.engine.support.hierarchical.NodeTestTask.lambda$executeRecursively$6(NodeTestTask.java:155)
	at org.junit.platform.engine.support.hierarchical.ThrowableCollector.execute(ThrowableCollector.java:73)
	at org.junit.platform.engine.support.hierarchical.NodeTestTask.lambda$executeRecursively$8(NodeTestTask.java:141)
	at org.junit.platform.engine.support.hierarchical.Node.around(Node.java:137)
	at org.junit.platform.engine.support.hierarchical.NodeTestTask.lambda$executeRecursively$9(NodeTestTask.java:139)
	at org.junit.platform.engine.support.hierarchical.ThrowableCollector.execute(ThrowableCollector.java:73)
	at org.junit.platform.engine.support.hierarchical.NodeTestTask.executeRecursively(NodeTestTask.java:138)
	at org.junit.platform.engine.support.hierarchical.NodeTestTask.execute(NodeTestTask.java:95)
	at org.junit.platform.engine.support.hierarchical.SameThreadHierarchicalTestExecutorService.submit(SameThreadHierarchicalTestExecutorService.java:35)
	at org.junit.platform.engine.support.hierarchical.HierarchicalTestExecutor.execute(HierarchicalTestExecutor.java:57)
	at org.junit.platform.engine.support.hierarchical.HierarchicalTestEngine.execute(HierarchicalTestEngine.java:54)
	at org.junit.platform.launcher.core.EngineExecutionOrchestrator.execute(EngineExecutionOrchestrator.java:147)
	at org.junit.platform.launcher.core.EngineExecutionOrchestrator.execute(EngineExecutionOrchestrator.java:127)
	at org.junit.platform.launcher.core.EngineExecutionOrchestrator.execute(EngineExecutionOrchestrator.java:90)
	at org.junit.platform.launcher.core.EngineExecutionOrchestrator.lambda$execute$0(EngineExecutionOrchestrator.java:55)
	at org.junit.platform.launcher.core.EngineExecutionOrchestrator.withInterceptedStreams(EngineExecutionOrchestrator.java:102)
	at org.junit.platform.launcher.core.EngineExecutionOrchestrator.execute(EngineExecutionOrchestrator.java:54)
	at org.junit.platform.launcher.core.DefaultLauncher.execute(DefaultLauncher.java:114)
	at org.junit.platform.launcher.core.DefaultLauncher.execute(DefaultLauncher.java:86)
	at org.junit.platform.launcher.core.DefaultLauncherSession$DelegatingLauncher.execute(DefaultLauncherSession.java:86)
	at org.junit.platform.launcher.core.SessionPerRequestLauncher.execute(SessionPerRequestLauncher.java:53)
	at org.apache.tools.ant.taskdefs.optional.junitlauncher.LauncherSupport.launch(LauncherSupport.java:145)
	at org.apache.tools.ant.taskdefs.optional.junitlauncher.StandaloneLauncher.main(StandaloneLauncher.java:114)
Caused by: org.springframework.beans.factory.UnsatisfiedDependencyException: Error creating bean with name 'mqMessageHistoryServiceImpl': Unsatisfied dependency expressed through field 'baseMapper'; nested exception is org.springframework.beans.factory.UnsatisfiedDependencyException: Error creating bean with name 'mqMessageHistoryMapper' defined in URL [jar:file:/D:/code/undergraduated_3_up/SoftWare_Test/XueCheng_Test/xuecheng-plus-content/xuecheng-plus-content-service/lib/xuecheng-plus-message-sdk-0.0.1-SNAPSHOT.jar!/com/xuecheng/messagesdk/mapper/MqMessageHistoryMapper.class]: Unsatisfied dependency expressed through bean property 'sqlSessionFactory'; nested exception is org.springframework.beans.factory.UnsatisfiedDependencyException: Error creating bean with name 'sqlSessionFactory' defined in class path resource [com/baomidou/mybatisplus/autoconfigure/MybatisPlusAutoConfiguration.class]: Unsatisfied dependency expressed through method 'sqlSessionFactory' parameter 0; nested exception is org.springframework.beans.factory.BeanCreationException: Error creating bean with name 'dataSource' defined in class path resource [org/springframework/boot/autoconfigure/jdbc/DataSourceConfiguration$Hikari.class]: Bean instantiation via factory method failed; nested exception is org.springframework.beans.BeanInstantiationException: Failed to instantiate [com.zaxxer.hikari.HikariDataSource]: Factory method 'dataSource' threw exception; nested exception is org.springframework.boot.autoconfigure.jdbc.DataSourceProperties$DataSourceBeanCreationException: Failed to determine a suitable driver class
	at org.springframework.beans.factory.annotation.AutowiredAnnotationBeanPostProcessor$AutowiredFieldElement.inject(AutowiredAnnotationBeanPostProcessor.java:643)
	at org.springframework.beans.factory.annotation.InjectionMetadata.inject(InjectionMetadata.java:119)
	at org.springframework.beans.factory.annotation.AutowiredAnnotationBeanPostProcessor.postProcessProperties(AutowiredAnnotationBeanPostProcessor.java:399)
	at org.springframework.beans.factory.support.AbstractAutowireCapableBeanFactory.populateBean(AbstractAutowireCapableBeanFactory.java:1420)
	at org.springframework.beans.factory.support.AbstractAutowireCapableBeanFactory.doCreateBean(AbstractAutowireCapableBeanFactory.java:593)
	at org.springframework.beans.factory.support.AbstractAutowireCapableBeanFactory.createBean(AbstractAutowireCapableBeanFactory.java:516)
	at org.springframework.beans.factory.support.AbstractBeanFactory.lambda$doGetBean$0(AbstractBeanFactory.java:324)
	at org.springframework.beans.factory.support.DefaultSingletonBeanRegistry.getSingleton(DefaultSingletonBeanRegistry.java:234)
	at org.springframework.beans.factory.support.AbstractBeanFactory.doGetBean(AbstractBeanFactory.java:322)
	at org.springframework.beans.factory.support.AbstractBeanFactory.getBean(AbstractBeanFactory.java:202)
	at org.springframework.beans.factory.support.DefaultListableBeanFactory.preInstantiateSingletons(DefaultListableBeanFactory.java:897)
	at org.springframework.context.support.AbstractApplicationContext.finishBeanFactoryInitialization(AbstractApplicationContext.java:879)
	at org.springframework.context.support.AbstractApplicationContext.refresh(AbstractApplicationContext.java:551)
	at org.springframework.boot.SpringApplication.refresh(SpringApplication.java:758)
	at org.springframework.boot.SpringApplication.refresh(SpringApplication.java:750)
	at org.springframework.boot.SpringApplication.refreshContext(SpringApplication.java:405)
	at org.springframework.boot.SpringApplication.run(SpringApplication.java:315)
	at org.springframework.boot.test.context.SpringBootContextLoader.loadContext(SpringBootContextLoader.java:120)
	at org.springframework.test.context.cache.DefaultCacheAwareContextLoaderDelegate.loadContextInternal(DefaultCacheAwareContextLoaderDelegate.java:99)
	at org.springframework.test.context.cache.DefaultCacheAwareContextLoaderDelegate.loadContext(DefaultCacheAwareContextLoaderDelegate.java:124)
	... 66 more
Caused by: org.springframework.beans.factory.UnsatisfiedDependencyException: Error creating bean with name 'mqMessageHistoryMapper' defined in URL [jar:file:/D:/code/undergraduated_3_up/SoftWare_Test/XueCheng_Test/xuecheng-plus-content/xuecheng-plus-content-service/lib/xuecheng-plus-message-sdk-0.0.1-SNAPSHOT.jar!/com/xuecheng/messagesdk/mapper/MqMessageHistoryMapper.class]: Unsatisfied dependency expressed through bean property 'sqlSessionFactory'; nested exception is org.springframework.beans.factory.UnsatisfiedDependencyException: Error creating bean with name 'sqlSessionFactory' defined in class path resource [com/baomidou/mybatisplus/autoconfigure/MybatisPlusAutoConfiguration.class]: Unsatisfied dependency expressed through method 'sqlSessionFactory' parameter 0; nested exception is org.springframework.beans.factory.BeanCreationException: Error creating bean with name 'dataSource' defined in class path resource [org/springframework/boot/autoconfigure/jdbc/DataSourceConfiguration$Hikari.class]: Bean instantiation via factory method failed; nested exception is org.springframework.beans.BeanInstantiationException: Failed to instantiate [com.zaxxer.hikari.HikariDataSource]: Factory method 'dataSource' threw exception; nested exception is org.springframework.boot.autoconfigure.jdbc.DataSourceProperties$DataSourceBeanCreationException: Failed to determine a suitable driver class
	at org.springframework.beans.factory.support.AbstractAutowireCapableBeanFactory.autowireByType(AbstractAutowireCapableBeanFactory.java:1524)
	at org.springframework.beans.factory.support.AbstractAutowireCapableBeanFactory.populateBean(AbstractAutowireCapableBeanFactory.java:1404)
	at org.springframework.beans.factory.support.AbstractAutowireCapableBeanFactory.doCreateBean(AbstractAutowireCapableBeanFactory.java:593)
	at org.springframework.beans.factory.support.AbstractAutowireCapableBeanFactory.createBean(AbstractAutowireCapableBeanFactory.java:516)
	at org.springframework.beans.factory.support.AbstractBeanFactory.lambda$doGetBean$0(AbstractBeanFactory.java:324)
	at org.springframework.beans.factory.support.DefaultSingletonBeanRegistry.getSingleton(DefaultSingletonBeanRegistry.java:234)
	at org.springframework.beans.factory.support.AbstractBeanFactory.doGetBean(AbstractBeanFactory.java:322)
	at org.springframework.beans.factory.support.AbstractBeanFactory.getBean(AbstractBeanFactory.java:202)
	at org.springframework.beans.factory.config.DependencyDescriptor.resolveCandidate(DependencyDescriptor.java:276)
	at org.springframework.beans.factory.support.DefaultListableBeanFactory.doResolveDependency(DefaultListableBeanFactory.java:1307)
	at org.springframework.beans.factory.support.DefaultListableBeanFactory.resolveDependency(DefaultListableBeanFactory.java:1227)
	at org.springframework.beans.factory.annotation.AutowiredAnnotationBeanPostProcessor$AutowiredFieldElement.inject(AutowiredAnnotationBeanPostProcessor.java:640)
	... 85 more
Caused by: org.springframework.beans.factory.UnsatisfiedDependencyException: Error creating bean with name 'sqlSessionFactory' defined in class path resource [com/baomidou/mybatisplus/autoconfigure/MybatisPlusAutoConfiguration.class]: Unsatisfied dependency expressed through method 'sqlSessionFactory' parameter 0; nested exception is org.springframework.beans.factory.BeanCreationException: Error creating bean with name 'dataSource' defined in class path resource [org/springframework/boot/autoconfigure/jdbc/DataSourceConfiguration$Hikari.class]: Bean instantiation via factory method failed; nested exception is org.springframework.beans.BeanInstantiationException: Failed to instantiate [com.zaxxer.hikari.HikariDataSource]: Factory method 'dataSource' threw exception; nested exception is org.springframework.boot.autoconfigure.jdbc.DataSourceProperties$DataSourceBeanCreationException: Failed to determine a suitable driver class
	at org.springframework.beans.factory.support.ConstructorResolver.createArgumentArray(ConstructorResolver.java:799)
	at org.springframework.beans.factory.support.ConstructorResolver.instantiateUsingFactoryMethod(ConstructorResolver.java:540)
	at org.springframework.beans.factory.support.AbstractAutowireCapableBeanFactory.instantiateUsingFactoryMethod(AbstractAutowireCapableBeanFactory.java:1336)
	at org.springframework.beans.factory.support.AbstractAutowireCapableBeanFactory.createBeanInstance(AbstractAutowireCapableBeanFactory.java:1176)
	at org.springframework.beans.factory.support.AbstractAutowireCapableBeanFactory.doCreateBean(AbstractAutowireCapableBeanFactory.java:556)
	at org.springframework.beans.factory.support.AbstractAutowireCapableBeanFactory.createBean(AbstractAutowireCapableBeanFactory.java:516)
	at org.springframework.beans.factory.support.AbstractBeanFactory.lambda$doGetBean$0(AbstractBeanFactory.java:324)
	at org.springframework.beans.factory.support.DefaultSingletonBeanRegistry.getSingleton(DefaultSingletonBeanRegistry.java:234)
	at org.springframework.beans.factory.support.AbstractBeanFactory.doGetBean(AbstractBeanFactory.java:322)
	at org.springframework.beans.factory.support.AbstractBeanFactory.getBean(AbstractBeanFactory.java:202)
	at org.springframework.beans.factory.config.DependencyDescriptor.resolveCandidate(DependencyDescriptor.java:276)
	at org.springframework.beans.factory.support.DefaultListableBeanFactory.doResolveDependency(DefaultListableBeanFactory.java:1307)
	at org.springframework.beans.factory.support.DefaultListableBeanFactory.resolveDependency(DefaultListableBeanFactory.java:1227)
	at org.springframework.beans.factory.support.AbstractAutowireCapableBeanFactory.autowireByType(AbstractAutowireCapableBeanFactory.java:1509)
	... 96 more
Caused by: org.springframework.beans.factory.BeanCreationException: Error creating bean with name 'dataSource' defined in class path resource [org/springframework/boot/autoconfigure/jdbc/DataSourceConfiguration$Hikari.class]: Bean instantiation via factory method failed; nested exception is org.springframework.beans.BeanInstantiationException: Failed to instantiate [com.zaxxer.hikari.HikariDataSource]: Factory method 'dataSource' threw exception; nested exception is org.springframework.boot.autoconfigure.jdbc.DataSourceProperties$DataSourceBeanCreationException: Failed to determine a suitable driver class
	at org.springframework.beans.factory.support.ConstructorResolver.instantiate(ConstructorResolver.java:657)
	at org.springframework.beans.factory.support.ConstructorResolver.instantiateUsingFactoryMethod(ConstructorResolver.java:637)
	at org.springframework.beans.factory.support.AbstractAutowireCapableBeanFactory.instantiateUsingFactoryMethod(AbstractAutowireCapableBeanFactory.java:1336)
	at org.springframework.beans.factory.support.AbstractAutowireCapableBeanFactory.createBeanInstance(AbstractAutowireCapableBeanFactory.java:1176)
	at org.springframework.beans.factory.support.AbstractAutowireCapableBeanFactory.doCreateBean(AbstractAutowireCapableBeanFactory.java:556)
	at org.springframework.beans.factory.support.AbstractAutowireCapableBeanFactory.createBean(AbstractAutowireCapableBeanFactory.java:516)
	at org.springframework.beans.factory.support.AbstractBeanFactory.lambda$doGetBean$0(AbstractBeanFactory.java:324)
	at org.springframework.beans.factory.support.DefaultSingletonBeanRegistry.getSingleton(DefaultSingletonBeanRegistry.java:234)
	at org.springframework.beans.factory.support.AbstractBeanFactory.doGetBean(AbstractBeanFactory.java:322)
	at org.springframework.beans.factory.support.AbstractBeanFactory.getBean(AbstractBeanFactory.java:202)
	at org.springframework.beans.factory.config.DependencyDescriptor.resolveCandidate(DependencyDescriptor.java:276)
	at org.springframework.beans.factory.support.DefaultListableBeanFactory.doResolveDependency(DefaultListableBeanFactory.java:1307)
	at org.springframework.beans.factory.support.DefaultListableBeanFactory.resolveDependency(DefaultListableBeanFactory.java:1227)
	at org.springframework.beans.factory.support.ConstructorResolver.resolveAutowiredArgument(ConstructorResolver.java:886)
	at org.springframework.beans.factory.support.ConstructorResolver.createArgumentArray(ConstructorResolver.java:790)
	... 109 more
Caused by: org.springframework.beans.BeanInstantiationException: Failed to instantiate [com.zaxxer.hikari.HikariDataSource]: Factory method 'dataSource' threw exception; nested exception is org.springframework.boot.autoconfigure.jdbc.DataSourceProperties$DataSourceBeanCreationException: Failed to determine a suitable driver class
	at org.springframework.beans.factory.support.SimpleInstantiationStrategy.instantiate(SimpleInstantiationStrategy.java:185)
	at org.springframework.beans.factory.support.ConstructorResolver.instantiate(ConstructorResolver.java:652)
	... 123 more
Caused by: org.springframework.boot.autoconfigure.jdbc.DataSourceProperties$DataSourceBeanCreationException: Failed to determine a suitable driver class
	at org.springframework.boot.autoconfigure.jdbc.DataSourceProperties.determineDriverClassName(DataSourceProperties.java:235)
	at org.springframework.boot.autoconfigure.jdbc.DataSourceProperties.initializeDataSourceBuilder(DataSourceProperties.java:176)
	at org.springframework.boot.autoconfigure.jdbc.DataSourceConfiguration.createDataSource(DataSourceConfiguration.java:43)
	at org.springframework.boot.autoconfigure.jdbc.DataSourceConfiguration$Hikari.dataSource(DataSourceConfiguration.java:85)
	at sun.reflect.NativeMethodAccessorImpl.invoke0(Native Method)
	at sun.reflect.NativeMethodAccessorImpl.invoke(NativeMethodAccessorImpl.java:62)
	at sun.reflect.DelegatingMethodAccessorImpl.invoke(DelegatingMethodAccessorImpl.java:43)
	at java.lang.reflect.Method.invoke(Method.java:498)
	at org.springframework.beans.factory.support.SimpleInstantiationStrategy.instantiate(SimpleInstantiationStrategy.java:154)
	... 124 more
]]></failure>
    </testcase>
    <system-out>2025-12-14 10:44:30,561 DEBUG [main][ClasspathLoggingApplicationListener.java:51] - Application started with classpath: [file:/C:/Users/22987/AppData/Roaming/JetBrains/IntelliJIdea2024.1/plugins/ant/dist/ant.jar, file:/D:/code/undergraduated_3_up/SoftWare_Test/XueCheng_Test/xuecheng-plus-content/xuecheng-plus-content-service/lib/HdrHistogram-2.1.12.jar, file:/D:/code/undergraduated_3_up/SoftWare_Test/XueCheng_Test/xuecheng-plus-content/xuecheng-plus-content-service/lib/HikariCP-3.4.5.jar, file:/D:/code/undergraduated_3_up/SoftWare_Test/XueCheng_Test/xuecheng-plus-content/xuecheng-plus-content-service/lib/LatencyUtils-2.0.3.jar, file:/D:/code/undergraduated_3_up/SoftWare_Test/XueCheng_Test/xuecheng-plus-content/xuecheng-plus-content-service/lib/accessors-smart-1.2.jar, file:/D:/code/undergraduated_3_up/SoftWare_Test/XueCheng_Test/xuecheng-plus-content/xuecheng-plus-content-service/lib/android-json-0.0.20131108.vaadin1.jar, file:/D:/code/undergraduated_3_up/SoftWare_Test/XueCheng_Test/xuecheng-plus-content/xuecheng-plus-content-service/lib/animal-sniffer-annotations-1.14.jar, file:/D:/code/undergraduated_3_up/SoftWare_Test/XueCheng_Test/xuecheng-plus-content/xuecheng-plus-content-service/lib/annotations-13.0.jar, file:/D:/code/undergraduated_3_up/SoftWare_Test/XueCheng_Test/xuecheng-plus-content/xuecheng-plus-content-service/lib/apiguardian-api-1.1.0.jar, file:/D:/code/undergraduated_3_up/SoftWare_Test/XueCheng_Test/xuecheng-plus-content/xuecheng-plus-content-service/lib/archaius-core-0.7.6.jar, file:/D:/code/undergraduated_3_up/SoftWare_Test/XueCheng_Test/xuecheng-plus-content/xuecheng-plus-content-service/lib/asm-5.0.4.jar, file:/D:/code/undergraduated_3_up/SoftWare_Test/XueCheng_Test/xuecheng-plus-content/xuecheng-plus-content-service/lib/aspectjweaver-1.9.6.jar, file:/D:/code/undergraduated_3_up/SoftWare_Test/XueCheng_Test/xuecheng-plus-content/xuecheng-plus-content-service/lib/assertj-core-3.16.1.jar, file:/D:/code/undergraduated_3_up/SoftWare_Test/XueCheng_Test/xuecheng-plus-content/xuecheng-plus-content-service/lib/bcpkix-jdk15on-1.64.jar, file:/D:/code/undergraduated_3_up/SoftWare_Test/XueCheng_Test/xuecheng-plus-content/xuecheng-plus-content-service/lib/bcprov-jdk15on-1.64.jar, file:/D:/code/undergraduated_3_up/SoftWare_Test/XueCheng_Test/xuecheng-plus-content/xuecheng-plus-content-service/lib/byte-buddy-1.10.18.jar, file:/D:/code/undergraduated_3_up/SoftWare_Test/XueCheng_Test/xuecheng-plus-content/xuecheng-plus-content-service/lib/byte-buddy-agent-1.10.18.jar, file:/D:/code/undergraduated_3_up/SoftWare_Test/XueCheng_Test/xuecheng-plus-content/xuecheng-plus-content-service/lib/cache-api-1.1.1.jar, file:/D:/code/undergraduated_3_up/SoftWare_Test/XueCheng_Test/xuecheng-plus-content/xuecheng-plus-content-service/lib/checker-compat-qual-2.0.0.jar, file:/D:/code/undergraduated_3_up/SoftWare_Test/XueCheng_Test/xuecheng-plus-content/xuecheng-plus-content-service/lib/classmate-1.5.1.jar, file:/D:/code/undergraduated_3_up/SoftWare_Test/XueCheng_Test/xuecheng-plus-content/xuecheng-plus-content-service/lib/commons-codec-1.14.jar, file:/D:/code/undergraduated_3_up/SoftWare_Test/XueCheng_Test/xuecheng-plus-content/xuecheng-plus-content-service/lib/commons-collections-3.2.2.jar, file:/D:/code/undergraduated_3_up/SoftWare_Test/XueCheng_Test/xuecheng-plus-content/xuecheng-plus-content-service/lib/commons-configuration-1.8.jar, file:/D:/code/undergraduated_3_up/SoftWare_Test/XueCheng_Test/xuecheng-plus-content/xuecheng-plus-content-service/lib/commons-fileupload-1.4.jar, file:/D:/code/undergraduated_3_up/SoftWare_Test/XueCheng_Test/xuecheng-plus-content/xuecheng-plus-content-service/lib/commons-io-2.2.jar, file:/D:/code/undergraduated_3_up/SoftWare_Test/XueCheng_Test/xuecheng-plus-content/xuecheng-plus-content-service/lib/commons-lang-2.6.jar, file:/D:/code/undergraduated_3_up/SoftWare_Test/XueCheng_Test/xuecheng-plus-content/xuecheng-plus-content-service/lib/commons-lang3-3.10.jar, file:/D:/code/undergraduated_3_up/SoftWare_Test/XueCheng_Test/xuecheng-plus-content/xuecheng-plus-content-service/lib/commons-pool2-2.6.2.jar, file:/D:/code/undergraduated_3_up/SoftWare_Test/XueCheng_Test/xuecheng-plus-content/xuecheng-plus-content-service/lib/core-3.3.3.jar, file:/D:/code/undergraduated_3_up/SoftWare_Test/XueCheng_Test/xuecheng-plus-content/xuecheng-plus-content-service/lib/error_prone_annotations-2.1.3.jar, file:/D:/code/undergraduated_3_up/SoftWare_Test/XueCheng_Test/xuecheng-plus-content/xuecheng-plus-content-service/lib/fastjson-1.2.83.jar, file:/D:/code/undergraduated_3_up/SoftWare_Test/XueCheng_Test/xuecheng-plus-content/xuecheng-plus-content-service/lib/feign-core-10.10.1.jar, file:/D:/code/undergraduated_3_up/SoftWare_Test/XueCheng_Test/xuecheng-plus-content/xuecheng-plus-content-service/lib/feign-form-3.8.0.jar, file:/D:/code/undergraduated_3_up/SoftWare_Test/XueCheng_Test/xuecheng-plus-content/xuecheng-plus-content-service/lib/feign-form-spring-3.8.0.jar, file:/D:/code/undergraduated_3_up/SoftWare_Test/XueCheng_Test/xuecheng-plus-content/xuecheng-plus-content-service/lib/feign-httpclient-10.10.1.jar, file:/D:/code/undergraduated_3_up/SoftWare_Test/XueCheng_Test/xuecheng-plus-content/xuecheng-plus-content-service/lib/feign-hystrix-10.10.1.jar, file:/D:/code/undergraduated_3_up/SoftWare_Test/XueCheng_Test/xuecheng-plus-content/xuecheng-plus-content-service/lib/feign-slf4j-10.10.1.jar, file:/D:/code/undergraduated_3_up/SoftWare_Test/XueCheng_Test/xuecheng-plus-content/xuecheng-plus-content-service/lib/freemarker-2.3.30.jar, file:/D:/code/undergraduated_3_up/SoftWare_Test/XueCheng_Test/xuecheng-plus-content/xuecheng-plus-content-service/lib/fst-2.57.jar, file:/D:/code/undergraduated_3_up/SoftWare_Test/XueCheng_Test/xuecheng-plus-content/xuecheng-plus-content-service/lib/groovy-2.5.14.jar, file:/D:/code/undergraduated_3_up/SoftWare_Test/XueCheng_Test/xuecheng-plus-content/xuecheng-plus-content-service/lib/gson-2.8.6.jar, file:/D:/code/undergraduated_3_up/SoftWare_Test/XueCheng_Test/xuecheng-plus-content/xuecheng-plus-content-service/lib/guava-25.0-jre.jar, file:/D:/code/undergraduated_3_up/SoftWare_Test/XueCheng_Test/xuecheng-plus-content/xuecheng-plus-content-service/lib/hamcrest-2.2.jar, file:/D:/code/undergraduated_3_up/SoftWare_Test/XueCheng_Test/xuecheng-plus-content/xuecheng-plus-content-service/lib/hibernate-validator-6.1.6.Final.jar, file:/D:/code/undergraduated_3_up/SoftWare_Test/XueCheng_Test/xuecheng-plus-content/xuecheng-plus-content-service/lib/httpasyncclient-4.1.4.jar, file:/D:/code/undergraduated_3_up/SoftWare_Test/XueCheng_Test/xuecheng-plus-content/xuecheng-plus-content-service/lib/httpclient-4.5.13.jar, file:/D:/code/undergraduated_3_up/SoftWare_Test/XueCheng_Test/xuecheng-plus-content/xuecheng-plus-content-service/lib/httpcore-4.4.14.jar, file:/D:/code/undergraduated_3_up/SoftWare_Test/XueCheng_Test/xuecheng-plus-content/xuecheng-plus-content-service/lib/httpcore-nio-4.4.14.jar, file:/D:/code/undergraduated_3_up/SoftWare_Test/XueCheng_Test/xuecheng-plus-content/xuecheng-plus-content-service/lib/hystrix-core-1.5.18.jar, file:/D:/code/undergraduated_3_up/SoftWare_Test/XueCheng_Test/xuecheng-plus-content/xuecheng-plus-content-service/lib/j2objc-annotations-1.1.jar, file:/D:/code/undergraduated_3_up/SoftWare_Test/XueCheng_Test/xuecheng-plus-content/xuecheng-plus-content-service/lib/jackson-annotations-2.11.3.jar, file:/D:/code/undergraduated_3_up/SoftWare_Test/XueCheng_Test/xuecheng-plus-content/xuecheng-plus-content-service/lib/jackson-core-2.11.3.jar, file:/D:/code/undergraduated_3_up/SoftWare_Test/XueCheng_Test/xuecheng-plus-content/xuecheng-plus-content-service/lib/jackson-databind-2.11.3.jar, file:/D:/code/undergraduated_3_up/SoftWare_Test/XueCheng_Test/xuecheng-plus-content/xuecheng-plus-content-service/lib/jackson-dataformat-yaml-2.11.3.jar, file:/D:/code/undergraduated_3_up/SoftWare_Test/XueCheng_Test/xuecheng-plus-content/xuecheng-plus-content-service/lib/jackson-datatype-jdk8-2.11.3.jar, file:/D:/code/undergraduated_3_up/SoftWare_Test/XueCheng_Test/xuecheng-plus-content/xuecheng-plus-content-service/lib/jackson-datatype-jsr310-2.11.3.jar, file:/D:/code/undergraduated_3_up/SoftWare_Test/XueCheng_Test/xuecheng-plus-content/xuecheng-plus-content-service/lib/jackson-module-parameter-names-2.11.3.jar, file:/D:/code/undergraduated_3_up/SoftWare_Test/XueCheng_Test/xuecheng-plus-content/xuecheng-plus-content-service/lib/jacocoant.jar, file:/D:/code/undergraduated_3_up/SoftWare_Test/XueCheng_Test/xuecheng-plus-content/xuecheng-plus-content-service/lib/jai-imageio-core-1.4.0.jar, file:/D:/code/undergraduated_3_up/SoftWare_Test/XueCheng_Test/xuecheng-plus-content/xuecheng-plus-content-service/lib/jakarta.activation-api-1.2.2.jar, file:/D:/code/undergraduated_3_up/SoftWare_Test/XueCheng_Test/xuecheng-plus-content/xuecheng-plus-content-service/lib/jakarta.annotation-api-1.3.5.jar, file:/D:/code/undergraduated_3_up/SoftWare_Test/XueCheng_Test/xuecheng-plus-content/xuecheng-plus-content-service/lib/jakarta.el-3.0.3.jar, file:/D:/code/undergraduated_3_up/SoftWare_Test/XueCheng_Test/xuecheng-plus-content/xuecheng-plus-content-service/lib/jakarta.validation-api-2.0.2.jar, file:/D:/code/undergraduated_3_up/SoftWare_Test/XueCheng_Test/xuecheng-plus-content/xuecheng-plus-content-service/lib/jakarta.xml.bind-api-2.3.3.jar, file:/D:/code/undergraduated_3_up/SoftWare_Test/XueCheng_Test/xuecheng-plus-content/xuecheng-plus-content-service/lib/javase-3.3.3.jar, file:/D:/code/undergraduated_3_up/SoftWare_Test/XueCheng_Test/xuecheng-plus-content/xuecheng-plus-content-service/lib/javassist-3.21.0-GA.jar, file:/D:/code/undergraduated_3_up/SoftWare_Test/XueCheng_Test/xuecheng-plus-content/xuecheng-plus-content-service/lib/javax.inject-1.jar, file:/D:/code/undergraduated_3_up/SoftWare_Test/XueCheng_Test/xuecheng-plus-content/xuecheng-plus-content-service/lib/jboss-logging-3.4.1.Final.jar, file:/D:/code/undergraduated_3_up/SoftWare_Test/XueCheng_Test/xuecheng-plus-content/xuecheng-plus-content-service/lib/jcommander-1.72.jar, file:/D:/code/undergraduated_3_up/SoftWare_Test/XueCheng_Test/xuecheng-plus-content/xuecheng-plus-content-service/lib/jersey-apache-client4-1.19.1.jar, file:/D:/code/undergraduated_3_up/SoftWare_Test/XueCheng_Test/xuecheng-plus-content/xuecheng-plus-content-service/lib/jersey-client-1.19.1.jar, file:/D:/code/undergraduated_3_up/SoftWare_Test/XueCheng_Test/xuecheng-plus-content/xuecheng-plus-content-service/lib/jersey-core-1.19.1.jar, file:/D:/code/undergraduated_3_up/SoftWare_Test/XueCheng_Test/xuecheng-plus-content/xuecheng-plus-content-service/lib/jodd-bean-5.0.10.jar, file:/D:/code/undergraduated_3_up/SoftWare_Test/XueCheng_Test/xuecheng-plus-content/xuecheng-plus-content-service/lib/jodd-core-5.0.10.jar, file:/D:/code/undergraduated_3_up/SoftWare_Test/XueCheng_Test/xuecheng-plus-content/xuecheng-plus-content-service/lib/json-path-2.4.0.jar, file:/D:/code/undergraduated_3_up/SoftWare_Test/XueCheng_Test/xuecheng-plus-content/xuecheng-plus-content-service/lib/json-smart-2.3.jar, file:/D:/code/undergraduated_3_up/SoftWare_Test/XueCheng_Test/xuecheng-plus-content/xuecheng-plus-content-service/lib/jsonassert-1.5.0.jar, file:/D:/code/undergraduated_3_up/SoftWare_Test/XueCheng_Test/xuecheng-plus-content/xuecheng-plus-content-service/lib/jsqlparser-3.2.jar, file:/D:/code/undergraduated_3_up/SoftWare_Test/XueCheng_Test/xuecheng-plus-content/xuecheng-plus-content-service/lib/jsr305-1.3.9.jar, file:/D:/code/undergraduated_3_up/SoftWare_Test/XueCheng_Test/xuecheng-plus-content/xuecheng-plus-content-service/lib/jsr311-api-1.1.1.jar, file:/D:/code/undergraduated_3_up/SoftWare_Test/XueCheng_Test/xuecheng-plus-content/xuecheng-plus-content-service/lib/jul-to-slf4j-1.7.30.jar, file:/D:/code/undergraduated_3_up/SoftWare_Test/XueCheng_Test/xuecheng-plus-content/xuecheng-plus-content-service/lib/junit-jupiter-5.6.3.jar, file:/D:/code/undergraduated_3_up/SoftWare_Test/XueCheng_Test/xuecheng-plus-content/xuecheng-plus-content-service/lib/junit-jupiter-api-5.6.3.jar, file:/D:/code/undergraduated_3_up/SoftWare_Test/XueCheng_Test/xuecheng-plus-content/xuecheng-plus-content-service/lib/junit-jupiter-engine-5.6.3.jar, file:/D:/code/undergraduated_3_up/SoftWare_Test/XueCheng_Test/xuecheng-plus-content/xuecheng-plus-content-service/lib/junit-jupiter-params-5.6.3.jar, file:/D:/code/undergraduated_3_up/SoftWare_Test/XueCheng_Test/xuecheng-plus-content/xuecheng-plus-content-service/lib/junit-platform-commons-1.6.3.jar, file:/D:/code/undergraduated_3_up/SoftWare_Test/XueCheng_Test/xuecheng-plus-content/xuecheng-plus-content-service/lib/junit-platform-console-standalone-1.9.3.jar, file:/D:/code/undergraduated_3_up/SoftWare_Test/XueCheng_Test/xuecheng-plus-content/xuecheng-plus-content-service/lib/junit-platform-engine-1.6.3.jar, file:/D:/code/undergraduated_3_up/SoftWare_Test/XueCheng_Test/xuecheng-plus-content/xuecheng-plus-content-service/lib/kotlin-stdlib-1.3.72.jar, file:/D:/code/undergraduated_3_up/SoftWare_Test/XueCheng_Test/xuecheng-plus-content/xuecheng-plus-content-service/lib/kotlin-stdlib-common-1.3.72.jar, file:/D:/code/undergraduated_3_up/SoftWare_Test/XueCheng_Test/xuecheng-plus-content/xuecheng-plus-content-service/lib/lettuce-core-5.3.5.RELEASE.jar, file:/D:/code/undergraduated_3_up/SoftWare_Test/XueCheng_Test/xuecheng-plus-content/xuecheng-plus-content-service/lib/log4j-api-2.13.3.jar, file:/D:/code/undergraduated_3_up/SoftWare_Test/XueCheng_Test/xuecheng-plus-content/xuecheng-plus-content-service/lib/log4j-core-2.13.3.jar, file:/D:/code/undergraduated_3_up/SoftWare_Test/XueCheng_Test/xuecheng-plus-content/xuecheng-plus-content-service/lib/log4j-jul-2.13.3.jar, file:/D:/code/undergraduated_3_up/SoftWare_Test/XueCheng_Test/xuecheng-plus-content/xuecheng-plus-content-service/lib/log4j-slf4j-impl-2.13.3.jar, file:/D:/code/undergraduated_3_up/SoftWare_Test/XueCheng_Test/xuecheng-plus-content/xuecheng-plus-content-service/lib/lombok-1.18.8.jar, file:/D:/code/undergraduated_3_up/SoftWare_Test/XueCheng_Test/xuecheng-plus-content/xuecheng-plus-content-service/lib/micrometer-core-1.5.9.jar, file:/D:/code/undergraduated_3_up/SoftWare_Test/XueCheng_Test/xuecheng-plus-content/xuecheng-plus-content-service/lib/mockito-core-3.3.3.jar, file:/D:/code/undergraduated_3_up/SoftWare_Test/XueCheng_Test/xuecheng-plus-content/xuecheng-plus-content-service/lib/mockito-junit-jupiter-3.3.3.jar, file:/D:/code/undergraduated_3_up/SoftWare_Test/XueCheng_Test/xuecheng-plus-content/xuecheng-plus-content-service/lib/mybatis-3.5.6.jar, file:/D:/code/undergraduated_3_up/SoftWare_Test/XueCheng_Test/xuecheng-plus-content/xuecheng-plus-content-service/lib/mybatis-plus-3.4.1.jar, file:/D:/code/undergraduated_3_up/SoftWare_Test/XueCheng_Test/xuecheng-plus-content/xuecheng-plus-content-service/lib/mybatis-plus-annotation-3.4.1.jar, file:/D:/code/undergraduated_3_up/SoftWare_Test/XueCheng_Test/xuecheng-plus-content/xuecheng-plus-content-service/lib/mybatis-plus-boot-starter-3.4.1.jar, file:/D:/code/undergraduated_3_up/SoftWare_Test/XueCheng_Test/xuecheng-plus-content/xuecheng-plus-content-service/lib/mybatis-plus-core-3.4.1.jar, file:/D:/code/undergraduated_3_up/SoftWare_Test/XueCheng_Test/xuecheng-plus-content/xuecheng-plus-content-service/lib/mybatis-plus-extension-3.4.1.jar, file:/D:/code/undergraduated_3_up/SoftWare_Test/XueCheng_Test/xuecheng-plus-content/xuecheng-plus-content-service/lib/mybatis-spring-2.0.5.jar, file:/D:/code/undergraduated_3_up/SoftWare_Test/XueCheng_Test/xuecheng-plus-content/xuecheng-plus-content-service/lib/mysql-connector-java-8.0.30.jar, file:/D:/code/undergraduated_3_up/SoftWare_Test/XueCheng_Test/xuecheng-plus-content/xuecheng-plus-content-service/lib/nacos-api-1.4.2.jar, file:/D:/code/undergraduated_3_up/SoftWare_Test/XueCheng_Test/xuecheng-plus-content/xuecheng-plus-content-service/lib/nacos-client-1.4.2.jar, file:/D:/code/undergraduated_3_up/SoftWare_Test/XueCheng_Test/xuecheng-plus-content/xuecheng-plus-content-service/lib/nacos-common-1.4.2.jar, file:/D:/code/undergraduated_3_up/SoftWare_Test/XueCheng_Test/xuecheng-plus-content/xuecheng-plus-content-service/lib/netflix-commons-util-0.3.0.jar, file:/D:/code/undergraduated_3_up/SoftWare_Test/XueCheng_Test/xuecheng-plus-content/xuecheng-plus-content-service/lib/netflix-statistics-0.1.1.jar, file:/D:/code/undergraduated_3_up/SoftWare_Test/XueCheng_Test/xuecheng-plus-content/xuecheng-plus-content-service/lib/netty-all-4.1.55.Final.jar, file:/D:/code/undergraduated_3_up/SoftWare_Test/XueCheng_Test/xuecheng-plus-content/xuecheng-plus-content-service/lib/netty-buffer-4.1.55.Final.jar, file:/D:/code/undergraduated_3_up/SoftWare_Test/XueCheng_Test/xuecheng-plus-content/xuecheng-plus-content-service/lib/netty-codec-4.1.55.Final.jar, file:/D:/code/undergraduated_3_up/SoftWare_Test/XueCheng_Test/xuecheng-plus-content/xuecheng-plus-content-service/lib/netty-codec-dns-4.1.55.Final.jar, file:/D:/code/undergraduated_3_up/SoftWare_Test/XueCheng_Test/xuecheng-plus-content/xuecheng-plus-content-service/lib/netty-common-4.1.55.Final.jar, file:/D:/code/undergraduated_3_up/SoftWare_Test/XueCheng_Test/xuecheng-plus-content/xuecheng-plus-content-service/lib/netty-handler-4.1.55.Final.jar, file:/D:/code/undergraduated_3_up/SoftWare_Test/XueCheng_Test/xuecheng-plus-content/xuecheng-plus-content-service/lib/netty-resolver-4.1.55.Final.jar, file:/D:/code/undergraduated_3_up/SoftWare_Test/XueCheng_Test/xuecheng-plus-content/xuecheng-plus-content-service/lib/netty-resolver-dns-4.1.55.Final.jar, file:/D:/code/undergraduated_3_up/SoftWare_Test/XueCheng_Test/xuecheng-plus-content/xuecheng-plus-content-service/lib/netty-transport-4.1.55.Final.jar, file:/D:/code/undergraduated_3_up/SoftWare_Test/XueCheng_Test/xuecheng-plus-content/xuecheng-plus-content-service/lib/objenesis-2.6.jar, file:/D:/code/undergraduated_3_up/SoftWare_Test/XueCheng_Test/xuecheng-plus-content/xuecheng-plus-content-service/lib/okhttp-4.8.1.jar, file:/D:/code/undergraduated_3_up/SoftWare_Test/XueCheng_Test/xuecheng-plus-content/xuecheng-plus-content-service/lib/okio-2.7.0.jar, file:/D:/code/undergraduated_3_up/SoftWare_Test/XueCheng_Test/xuecheng-plus-content/xuecheng-plus-content-service/lib/opentest4j-1.2.0.jar, file:/D:/code/undergraduated_3_up/SoftWare_Test/XueCheng_Test/xuecheng-plus-content/xuecheng-plus-content-service/lib/protobuf-java-3.13.0.jar, file:/D:/code/undergraduated_3_up/SoftWare_Test/XueCheng_Test/xuecheng-plus-content/xuecheng-plus-content-service/lib/reactive-streams-1.0.3.jar, file:/D:/code/undergraduated_3_up/SoftWare_Test/XueCheng_Test/xuecheng-plus-content/xuecheng-plus-content-service/lib/reactor-core-3.3.12.RELEASE.jar, file:/D:/code/undergraduated_3_up/SoftWare_Test/XueCheng_Test/xuecheng-plus-content/xuecheng-plus-content-service/lib/redisson-3.11.2.jar, file:/D:/code/undergraduated_3_up/SoftWare_Test/XueCheng_Test/xuecheng-plus-content/xuecheng-plus-content-service/lib/redisson-spring-boot-starter-3.11.2.jar, file:/D:/code/undergraduated_3_up/SoftWare_Test/XueCheng_Test/xuecheng-plus-content/xuecheng-plus-content-service/lib/redisson-spring-data-21-3.11.2.jar, file:/D:/code/undergraduated_3_up/SoftWare_Test/XueCheng_Test/xuecheng-plus-content/xuecheng-plus-content-service/lib/ribbon-2.3.0.jar, file:/D:/code/undergraduated_3_up/SoftWare_Test/XueCheng_Test/xuecheng-plus-content/xuecheng-plus-content-service/lib/ribbon-core-2.3.0.jar, file:/D:/code/undergraduated_3_up/SoftWare_Test/XueCheng_Test/xuecheng-plus-content/xuecheng-plus-content-service/lib/ribbon-httpclient-2.3.0.jar, file:/D:/code/undergraduated_3_up/SoftWare_Test/XueCheng_Test/xuecheng-plus-content/xuecheng-plus-content-service/lib/ribbon-loadbalancer-2.3.0.jar, file:/D:/code/undergraduated_3_up/SoftWare_Test/XueCheng_Test/xuecheng-plus-content/xuecheng-plus-content-service/lib/ribbon-transport-2.3.0.jar, file:/D:/code/undergraduated_3_up/SoftWare_Test/XueCheng_Test/xuecheng-plus-content/xuecheng-plus-content-service/lib/rxjava-1.3.8.jar, file:/D:/code/undergraduated_3_up/SoftWare_Test/XueCheng_Test/xuecheng-plus-content/xuecheng-plus-content-service/lib/rxjava-2.2.20.jar, file:/D:/code/undergraduated_3_up/SoftWare_Test/XueCheng_Test/xuecheng-plus-content/xuecheng-plus-content-service/lib/rxnetty-0.4.9.jar, file:/D:/code/undergraduated_3_up/SoftWare_Test/XueCheng_Test/xuecheng-plus-content/xuecheng-plus-content-service/lib/rxnetty-contexts-0.4.9.jar, file:/D:/code/undergraduated_3_up/SoftWare_Test/XueCheng_Test/xuecheng-plus-content/xuecheng-plus-content-service/lib/rxnetty-servo-0.4.9.jar, file:/D:/code/undergraduated_3_up/SoftWare_Test/XueCheng_Test/xuecheng-plus-content/xuecheng-plus-content-service/lib/servo-core-0.12.21.jar, file:/D:/code/undergraduated_3_up/SoftWare_Test/XueCheng_Test/xuecheng-plus-content/xuecheng-plus-content-service/lib/simpleclient-0.5.0.jar, file:/D:/code/undergraduated_3_up/SoftWare_Test/XueCheng_Test/xuecheng-plus-content/xuecheng-plus-content-service/lib/simplemagic-1.17.jar, file:/D:/code/undergraduated_3_up/SoftWare_Test/XueCheng_Test/xuecheng-plus-content/xuecheng-plus-content-service/lib/slf4j-api-1.7.30.jar, file:/D:/code/undergraduated_3_up/SoftWare_Test/XueCheng_Test/xuecheng-plus-content/xuecheng-plus-content-service/lib/snakeyaml-1.26.jar, file:/D:/code/undergraduated_3_up/SoftWare_Test/XueCheng_Test/xuecheng-plus-content/xuecheng-plus-content-service/lib/spring-aop-5.2.12.RELEASE.jar, file:/D:/code/undergraduated_3_up/SoftWare_Test/XueCheng_Test/xuecheng-plus-content/xuecheng-plus-content-service/lib/spring-beans-5.2.12.RELEASE.jar, file:/D:/code/undergraduated_3_up/SoftWare_Test/XueCheng_Test/xuecheng-plus-content/xuecheng-plus-content-service/lib/spring-boot-2.3.7.RELEASE.jar, file:/D:/code/undergraduated_3_up/SoftWare_Test/XueCheng_Test/xuecheng-plus-content/xuecheng-plus-content-service/lib/spring-boot-actuator-2.3.7.RELEASE.jar, file:/D:/code/undergraduated_3_up/SoftWare_Test/XueCheng_Test/xuecheng-plus-content/xuecheng-plus-content-service/lib/spring-boot-actuator-autoconfigure-2.3.7.RELEASE.jar, file:/D:/code/undergraduated_3_up/SoftWare_Test/XueCheng_Test/xuecheng-plus-content/xuecheng-plus-content-service/lib/spring-boot-autoconfigure-2.3.7.RELEASE.jar, file:/D:/code/undergraduated_3_up/SoftWare_Test/XueCheng_Test/xuecheng-plus-content/xuecheng-plus-content-service/lib/spring-boot-starter-2.3.7.RELEASE.jar, file:/D:/code/undergraduated_3_up/SoftWare_Test/XueCheng_Test/xuecheng-plus-content/xuecheng-plus-content-service/lib/spring-boot-starter-actuator-2.3.7.RELEASE.jar, file:/D:/code/undergraduated_3_up/SoftWare_Test/XueCheng_Test/xuecheng-plus-content/xuecheng-plus-content-service/lib/spring-boot-starter-aop-2.3.7.RELEASE.jar, file:/D:/code/undergraduated_3_up/SoftWare_Test/XueCheng_Test/xuecheng-plus-content/xuecheng-plus-content-service/lib/spring-boot-starter-data-redis-2.3.7.RELEASE.jar, file:/D:/code/undergraduated_3_up/SoftWare_Test/XueCheng_Test/xuecheng-plus-content/xuecheng-plus-content-service/lib/spring-boot-starter-freemarker-2.3.7.RELEASE.jar, file:/D:/code/undergraduated_3_up/SoftWare_Test/XueCheng_Test/xuecheng-plus-content/xuecheng-plus-content-service/lib/spring-boot-starter-jdbc-2.3.7.RELEASE.jar, file:/D:/code/undergraduated_3_up/SoftWare_Test/XueCheng_Test/xuecheng-plus-content/xuecheng-plus-content-service/lib/spring-boot-starter-json-2.3.7.RELEASE.jar, file:/D:/code/undergraduated_3_up/SoftWare_Test/XueCheng_Test/xuecheng-plus-content/xuecheng-plus-content-service/lib/spring-boot-starter-log4j2-2.3.7.RELEASE.jar, file:/D:/code/undergraduated_3_up/SoftWare_Test/XueCheng_Test/xuecheng-plus-content/xuecheng-plus-content-service/lib/spring-boot-starter-test-2.3.7.RELEASE.jar, file:/D:/code/undergraduated_3_up/SoftWare_Test/XueCheng_Test/xuecheng-plus-content/xuecheng-plus-content-service/lib/spring-boot-starter-tomcat-2.3.7.RELEASE.jar, file:/D:/code/undergraduated_3_up/SoftWare_Test/XueCheng_Test/xuecheng-plus-content/xuecheng-plus-content-service/lib/spring-boot-starter-validation-2.3.7.RELEASE.jar, file:/D:/code/undergraduated_3_up/SoftWare_Test/XueCheng_Test/xuecheng-plus-content/xuecheng-plus-content-service/lib/spring-boot-starter-web-2.3.7.RELEASE.jar, file:/D:/code/undergraduated_3_up/SoftWare_Test/XueCheng_Test/xuecheng-plus-content/xuecheng-plus-content-service/lib/spring-boot-test-2.3.7.RELEASE.jar, file:/D:/code/undergraduated_3_up/SoftWare_Test/XueCheng_Test/xuecheng-plus-content/xuecheng-plus-content-service/lib/spring-boot-test-autoconfigure-2.3.7.RELEASE.jar, file:/D:/code/undergraduated_3_up/SoftWare_Test/XueCheng_Test/xuecheng-plus-content/xuecheng-plus-content-service/lib/spring-cloud-alibaba-commons-2.2.6.RELEASE.jar, file:/D:/code/undergraduated_3_up/SoftWare_Test/XueCheng_Test/xuecheng-plus-content/xuecheng-plus-content-service/lib/spring-cloud-commons-2.2.6.RELEASE.jar, file:/D:/code/undergraduated_3_up/SoftWare_Test/XueCheng_Test/xuecheng-plus-content/xuecheng-plus-content-service/lib/spring-cloud-context-2.2.6.RELEASE.jar, file:/D:/code/undergraduated_3_up/SoftWare_Test/XueCheng_Test/xuecheng-plus-content/xuecheng-plus-content-service/lib/spring-cloud-netflix-archaius-2.2.6.RELEASE.jar, file:/D:/code/undergraduated_3_up/SoftWare_Test/XueCheng_Test/xuecheng-plus-content/xuecheng-plus-content-service/lib/spring-cloud-netflix-ribbon-2.2.6.RELEASE.jar, file:/D:/code/undergraduated_3_up/SoftWare_Test/XueCheng_Test/xuecheng-plus-content/xuecheng-plus-content-service/lib/spring-cloud-openfeign-core-2.2.6.RELEASE.jar, file:/D:/code/undergraduated_3_up/SoftWare_Test/XueCheng_Test/xuecheng-plus-content/xuecheng-plus-content-service/lib/spring-cloud-starter-2.2.6.RELEASE.jar, file:/D:/code/undergraduated_3_up/SoftWare_Test/XueCheng_Test/xuecheng-plus-content/xuecheng-plus-content-service/lib/spring-cloud-starter-alibaba-nacos-config-2.2.6.RELEASE.jar, file:/D:/code/undergraduated_3_up/SoftWare_Test/XueCheng_Test/xuecheng-plus-content/xuecheng-plus-content-service/lib/spring-cloud-starter-alibaba-nacos-discovery-2.2.6.RELEASE.jar, file:/D:/code/undergraduated_3_up/SoftWare_Test/XueCheng_Test/xuecheng-plus-content/xuecheng-plus-content-service/lib/spring-cloud-starter-netflix-archaius-2.2.6.RELEASE.jar, file:/D:/code/undergraduated_3_up/SoftWare_Test/XueCheng_Test/xuecheng-plus-content/xuecheng-plus-content-service/lib/spring-cloud-starter-netflix-ribbon-2.2.6.RELEASE.jar, file:/D:/code/undergraduated_3_up/SoftWare_Test/XueCheng_Test/xuecheng-plus-content/xuecheng-plus-content-service/lib/spring-cloud-starter-openfeign-2.2.6.RELEASE.jar, file:/D:/code/undergraduated_3_up/SoftWare_Test/XueCheng_Test/xuecheng-plus-content/xuecheng-plus-content-service/lib/spring-context-5.2.12.RELEASE.jar, file:/D:/code/undergraduated_3_up/SoftWare_Test/XueCheng_Test/xuecheng-plus-content/xuecheng-plus-content-service/lib/spring-context-support-1.0.10.jar, file:/D:/code/undergraduated_3_up/SoftWare_Test/XueCheng_Test/xuecheng-plus-content/xuecheng-plus-content-service/lib/spring-context-support-5.2.12.RELEASE.jar, file:/D:/code/undergraduated_3_up/SoftWare_Test/XueCheng_Test/xuecheng-plus-content/xuecheng-plus-content-service/lib/spring-core-5.2.12.RELEASE.jar, file:/D:/code/undergraduated_3_up/SoftWare_Test/XueCheng_Test/xuecheng-plus-content/xuecheng-plus-content-service/lib/spring-data-commons-2.3.6.RELEASE.jar, file:/D:/code/undergraduated_3_up/SoftWare_Test/XueCheng_Test/xuecheng-plus-content/xuecheng-plus-content-service/lib/spring-data-keyvalue-2.3.6.RELEASE.jar, file:/D:/code/undergraduated_3_up/SoftWare_Test/XueCheng_Test/xuecheng-plus-content/xuecheng-plus-content-service/lib/spring-data-redis-2.3.6.RELEASE.jar, file:/D:/code/undergraduated_3_up/SoftWare_Test/XueCheng_Test/xuecheng-plus-content/xuecheng-plus-content-service/lib/spring-expression-5.2.12.RELEASE.jar, file:/D:/code/undergraduated_3_up/SoftWare_Test/XueCheng_Test/xuecheng-plus-content/xuecheng-plus-content-service/lib/spring-jcl-5.2.12.RELEASE.jar, file:/D:/code/undergraduated_3_up/SoftWare_Test/XueCheng_Test/xuecheng-plus-content/xuecheng-plus-content-service/lib/spring-jdbc-5.2.12.RELEASE.jar, file:/D:/code/undergraduated_3_up/SoftWare_Test/XueCheng_Test/xuecheng-plus-content/xuecheng-plus-content-service/lib/spring-oxm-5.2.12.RELEASE.jar, file:/D:/code/undergraduated_3_up/SoftWare_Test/XueCheng_Test/xuecheng-plus-content/xuecheng-plus-content-service/lib/spring-security-crypto-5.3.6.RELEASE.jar, file:/D:/code/undergraduated_3_up/SoftWare_Test/XueCheng_Test/xuecheng-plus-content/xuecheng-plus-content-service/lib/spring-security-rsa-1.0.9.RELEASE.jar, file:/D:/code/undergraduated_3_up/SoftWare_Test/XueCheng_Test/xuecheng-plus-content/xuecheng-plus-content-service/lib/spring-test-5.2.12.RELEASE.jar, file:/D:/code/undergraduated_3_up/SoftWare_Test/XueCheng_Test/xuecheng-plus-content/xuecheng-plus-content-service/lib/spring-tx-5.2.12.RELEASE.jar, file:/D:/code/undergraduated_3_up/SoftWare_Test/XueCheng_Test/xuecheng-plus-content/xuecheng-plus-content-service/lib/spring-web-5.2.12.RELEASE.jar, file:/D:/code/undergraduated_3_up/SoftWare_Test/XueCheng_Test/xuecheng-plus-content/xuecheng-plus-content-service/lib/spring-webmvc-5.2.12.RELEASE.jar, file:/D:/code/undergraduated_3_up/SoftWare_Test/XueCheng_Test/xuecheng-plus-content/xuecheng-plus-content-service/lib/swagger-annotations-1.5.20.jar, file:/D:/code/undergraduated_3_up/SoftWare_Test/XueCheng_Test/xuecheng-plus-content/xuecheng-plus-content-service/lib/tomcat-embed-core-9.0.41.jar, file:/D:/code/undergraduated_3_up/SoftWare_Test/XueCheng_Test/xuecheng-plus-content/xuecheng-plus-content-service/lib/tomcat-embed-websocket-9.0.41.jar, file:/D:/code/undergraduated_3_up/SoftWare_Test/XueCheng_Test/xuecheng-plus-content/xuecheng-plus-content-service/lib/xmlunit-core-2.7.0.jar, file:/D:/code/undergraduated_3_up/SoftWare_Test/XueCheng_Test/xuecheng-plus-content/xuecheng-plus-content-service/lib/xuecheng-plus-base-0.0.1-SNAPSHOT.jar, file:/D:/code/undergraduated_3_up/SoftWare_Test/XueCheng_Test/xuecheng-plus-content/xuecheng-plus-content-service/lib/xuecheng-plus-content-model-0.0.1-SNAPSHOT.jar, file:/D:/code/undergraduated_3_up/SoftWare_Test/XueCheng_Test/xuecheng-plus-content/xuecheng-plus-content-service/lib/xuecheng-plus-message-sdk-0.0.1-SNAPSHOT.jar, file:/D:/code/undergraduated_3_up/SoftWare_Test/XueCheng_Test/xuecheng-plus-content/xuecheng-plus-content-service/lib/xxl-job-core-2.3.1.jar, file:/D:/code/undergraduated_3_up/SoftWare_Test/XueCheng_Test/xuecheng-plus-content/xuecheng-plus-content-service/build/classes/, file:/D:/code/undergraduated_3_up/SoftWare_Test/XueCheng_Test/xuecheng-plus-content/xuecheng-plus-content-service/build/test-classes/, file:/C:/Users/22987/AppData/Local/Temp/jacocoagent4478775910723325615.jar]
2025-12-14 10:44:30,606 DEBUG [background-preinit][LoggerProviders.java:152] - Logging Provider: org.jboss.logging.Log4j2LoggerProvider
2025-12-14 10:44:30,607 INFO [background-preinit][Version.java:21] - HV000001: Hibernate Validator 6.1.6.Final
2025-12-14 10:44:30,613 DEBUG [background-preinit][ValidationXmlParser.java:120] - Trying to load META-INF/validation.xml for XML based Validator configuration.
2025-12-14 10:44:30,615 DEBUG [background-preinit][ResourceLoaderHelper.java:60] - Trying to load META-INF/validation.xml via TCCL
2025-12-14 10:44:30,616 DEBUG [background-preinit][ResourceLoaderHelper.java:66] - Trying to load META-INF/validation.xml via Hibernate Validator&apos;s class loader
2025-12-14 10:44:30,617 DEBUG [background-preinit][ValidationXmlParser.java:127] - No META-INF/validation.xml found. Using annotation based configuration only.
2025-12-14 10:44:30,620 DEBUG [background-preinit][TraversableResolvers.java:60] - Cannot find javax.persistence.Persistence on classpath. Assuming non JPA 2 environment. All properties will per default be traversable.
2025-12-14 10:44:30,645 DEBUG [background-preinit][ResourceBundleMessageInterpolator.java:172] - Loaded expression factory via original TCCL
2025-12-14 10:44:30,717 DEBUG [main][PropertySourcesPropertyResolver.java:115] - Found key &apos;spring.application.name&apos; in PropertySource &apos;configurationProperties&apos; with value of type String
2025-12-14 10:44:30,721 DEBUG [main][SpringApplication.java:679] - Loading source class org.springframework.cloud.bootstrap.BootstrapImportSelectorConfiguration
2025-12-14 10:44:30,765 DEBUG [background-preinit][ValidatorFactoryConfigurationHelper.java:300] - HV000252: Using org.hibernate.validator.internal.engine.DefaultPropertyNodeNameProvider as property node name provider.
2025-12-14 10:44:30,771 DEBUG [background-preinit][ValidatorFactoryConfigurationHelper.java:375] - HV000234: Using org.hibernate.validator.messageinterpolation.ResourceBundleMessageInterpolator as ValidatorFactory-scoped message interpolator.
2025-12-14 10:44:30,771 DEBUG [background-preinit][ValidatorFactoryConfigurationHelper.java:376] - HV000234: Using org.hibernate.validator.internal.engine.resolver.TraverseAllTraversableResolver as ValidatorFactory-scoped traversable resolver.
2025-12-14 10:44:30,772 DEBUG [background-preinit][ValidatorFactoryConfigurationHelper.java:377] - HV000234: Using org.hibernate.validator.internal.util.ExecutableParameterNameProvider as ValidatorFactory-scoped parameter name provider.
2025-12-14 10:44:30,772 DEBUG [background-preinit][ValidatorFactoryConfigurationHelper.java:378] - HV000234: Using org.hibernate.validator.internal.engine.DefaultClockProvider as ValidatorFactory-scoped clock provider.
2025-12-14 10:44:30,772 DEBUG [background-preinit][ValidatorFactoryConfigurationHelper.java:379] - HV000234: Using org.hibernate.validator.internal.engine.scripting.DefaultScriptEvaluatorFactory as ValidatorFactory-scoped script evaluator factory.
2025-12-14 10:44:30,894 DEBUG [main][DeferredLog.java:222] - Activated activeProfiles dev
2025-12-14 10:44:30,894 DEBUG [main][DeferredLog.java:222] - Loaded config file &apos;file:/D:/code/undergraduated_3_up/SoftWare_Test/XueCheng_Test/xuecheng-plus-content/xuecheng-plus-content-service/build/test-classes/bootstrap.yml&apos; (classpath:/bootstrap.yml)
2025-12-14 10:44:30,895 DEBUG [main][AbstractApplicationContext.java:596] - Refreshing org.springframework.context.annotation.AnnotationConfigApplicationContext@1f116973
2025-12-14 10:44:30,908 DEBUG [main][DefaultSingletonBeanRegistry.java:225] - Creating shared instance of singleton bean &apos;org.springframework.context.annotation.internalConfigurationAnnotationProcessor&apos;
2025-12-14 10:44:30,928 DEBUG [main][DefaultSingletonBeanRegistry.java:225] - Creating shared instance of singleton bean &apos;org.springframework.boot.autoconfigure.internalCachingMetadataReaderFactory&apos;
2025-12-14 10:44:31,012 WARN [background-preinit][CompositeLog.java:127] - For Jackson Kotlin classes support please add &quot;com.fasterxml.jackson.module:jackson-module-kotlin&quot; to the classpath
2025-12-14 10:44:31,021 DEBUG [main][DefaultSingletonBeanRegistry.java:225] - Creating shared instance of singleton bean &apos;propertySourcesPlaceholderConfigurer&apos;
2025-12-14 10:44:31,027 DEBUG [main][DefaultSingletonBeanRegistry.java:225] - Creating shared instance of singleton bean &apos;org.springframework.context.event.internalEventListenerProcessor&apos;
2025-12-14 10:44:31,028 DEBUG [main][DefaultSingletonBeanRegistry.java:225] - Creating shared instance of singleton bean &apos;org.springframework.context.event.internalEventListenerFactory&apos;
2025-12-14 10:44:31,029 DEBUG [main][DefaultSingletonBeanRegistry.java:225] - Creating shared instance of singleton bean &apos;org.springframework.context.annotation.internalAutowiredAnnotationProcessor&apos;
2025-12-14 10:44:31,031 DEBUG [main][DefaultSingletonBeanRegistry.java:225] - Creating shared instance of singleton bean &apos;org.springframework.context.annotation.internalCommonAnnotationProcessor&apos;
2025-12-14 10:44:31,034 DEBUG [main][DefaultSingletonBeanRegistry.java:225] - Creating shared instance of singleton bean &apos;org.springframework.boot.context.properties.ConfigurationPropertiesBindingPostProcessor&apos;
2025-12-14 10:44:31,034 DEBUG [main][DefaultSingletonBeanRegistry.java:225] - Creating shared instance of singleton bean &apos;org.springframework.boot.context.internalConfigurationPropertiesBinder&apos;
2025-12-14 10:44:31,034 DEBUG [main][DefaultSingletonBeanRegistry.java:225] - Creating shared instance of singleton bean &apos;org.springframework.boot.context.internalConfigurationPropertiesBinderFactory&apos;
2025-12-14 10:44:31,036 DEBUG [main][DefaultSingletonBeanRegistry.java:225] - Creating shared instance of singleton bean &apos;configurationPropertiesBeans&apos;
2025-12-14 10:44:31,041 DEBUG [main][DefaultSingletonBeanRegistry.java:225] - Creating shared instance of singleton bean &apos;bootstrapImportSelectorConfiguration&apos;
2025-12-14 10:44:31,042 DEBUG [main][DefaultSingletonBeanRegistry.java:225] - Creating shared instance of singleton bean &apos;org.springframework.cloud.bootstrap.config.PropertySourceBootstrapConfiguration&apos;
2025-12-14 10:44:31,046 DEBUG [main][DefaultSingletonBeanRegistry.java:225] - Creating shared instance of singleton bean &apos;nacosPropertySourceLocator&apos;
2025-12-14 10:44:31,046 DEBUG [main][DefaultSingletonBeanRegistry.java:225] - Creating shared instance of singleton bean &apos;com.alibaba.cloud.nacos.NacosConfigBootstrapConfiguration&apos;
2025-12-14 10:44:31,048 DEBUG [main][DefaultSingletonBeanRegistry.java:225] - Creating shared instance of singleton bean &apos;nacosConfigManager&apos;
2025-12-14 10:44:31,048 DEBUG [main][DefaultSingletonBeanRegistry.java:225] - Creating shared instance of singleton bean &apos;nacosConfigProperties&apos;
2025-12-14 10:44:31,054 DEBUG [main][DefaultSingletonBeanRegistry.java:225] - Creating shared instance of singleton bean &apos;org.springframework.boot.context.properties.BoundConfigurationProperties&apos;
2025-12-14 10:44:31,064 DEBUG [main][PropertySourcesPropertyResolver.java:115] - Found key &apos;spring.profiles.active&apos; in PropertySource &apos;configurationProperties&apos; with value of type String
2025-12-14 10:44:31,065 DEBUG [main][PropertySourcesPropertyResolver.java:115] - Found key &apos;spring.cloud.nacos.server-addr&apos; in PropertySource &apos;configurationProperties&apos; with value of type String
2025-12-14 10:44:31,065 DEBUG [main][ConstructorResolver.java:807] - Autowiring by type from bean name &apos;nacosConfigManager&apos; via factory method to bean named &apos;nacosConfigProperties&apos;
2025-12-14 10:44:31,067 DEBUG [main][PropertySourcesPropertyResolver.java:115] - Found key &apos;spring.profiles.active&apos; in PropertySource &apos;configurationProperties&apos; with value of type String
2025-12-14 10:44:31,103 DEBUG [main][ConstructorResolver.java:807] - Autowiring by type from bean name &apos;nacosPropertySourceLocator&apos; via factory method to bean named &apos;nacosConfigManager&apos;
2025-12-14 10:44:31,105 DEBUG [main][DefaultSingletonBeanRegistry.java:225] - Creating shared instance of singleton bean &apos;org.springframework.boot.context.properties.ConfigurationBeanFactoryMetadata&apos;
2025-12-14 10:44:31,106 DEBUG [main][DefaultSingletonBeanRegistry.java:225] - Creating shared instance of singleton bean &apos;spring.cloud.config-org.springframework.cloud.bootstrap.config.PropertySourceBootstrapProperties&apos;
2025-12-14 10:44:31,107 DEBUG [main][DefaultSingletonBeanRegistry.java:225] - Creating shared instance of singleton bean &apos;org.springframework.cloud.bootstrap.encrypt.EncryptionBootstrapConfiguration&apos;
2025-12-14 10:44:31,108 DEBUG [main][DefaultSingletonBeanRegistry.java:225] - Creating shared instance of singleton bean &apos;encrypt-org.springframework.cloud.bootstrap.encrypt.KeyProperties&apos;
2025-12-14 10:44:31,110 DEBUG [main][DefaultSingletonBeanRegistry.java:225] - Creating shared instance of singleton bean &apos;environmentDecryptApplicationListener&apos;
2025-12-14 10:44:31,111 DEBUG [main][DefaultSingletonBeanRegistry.java:225] - Creating shared instance of singleton bean &apos;org.springframework.cloud.autoconfigure.ConfigurationPropertiesRebinderAutoConfiguration&apos;
2025-12-14 10:44:31,112 DEBUG [main][DefaultSingletonBeanRegistry.java:225] - Creating shared instance of singleton bean &apos;configurationPropertiesRebinder&apos;
2025-12-14 10:44:31,112 DEBUG [main][ConstructorResolver.java:807] - Autowiring by type from bean name &apos;configurationPropertiesRebinder&apos; via factory method to bean named &apos;configurationPropertiesBeans&apos;
2025-12-14 10:44:31,115 DEBUG [main][DefaultSingletonBeanRegistry.java:225] - Creating shared instance of singleton bean &apos;org.springframework.boot.autoconfigure.context.PropertyPlaceholderAutoConfiguration&apos;
2025-12-14 10:44:31,116 DEBUG [main][DefaultSingletonBeanRegistry.java:225] - Creating shared instance of singleton bean &apos;org.springframework.cloud.util.random.CachedRandomPropertySourceAutoConfiguration&apos;
2025-12-14 10:44:31,125 DEBUG [main][ConditionEvaluationReportLoggingListener.java:126] - 


============================
CONDITIONS EVALUATION REPORT
============================


Positive matches:
-----------------

   ConfigurationPropertiesRebinderAutoConfiguration matched:
      - @ConditionalOnBean (types: org.springframework.boot.context.properties.ConfigurationPropertiesBindingPostProcessor; SearchStrategy: all) found bean &apos;org.springframework.boot.context.properties.ConfigurationPropertiesBindingPostProcessor&apos; (OnBeanCondition)

   ConfigurationPropertiesRebinderAutoConfiguration#configurationPropertiesBeans matched:
      - @ConditionalOnMissingBean (types: org.springframework.cloud.context.properties.ConfigurationPropertiesBeans; SearchStrategy: current) did not find any beans (OnBeanCondition)

   ConfigurationPropertiesRebinderAutoConfiguration#configurationPropertiesRebinder matched:
      - @ConditionalOnMissingBean (types: org.springframework.cloud.context.properties.ConfigurationPropertiesRebinder; SearchStrategy: current) did not find any beans (OnBeanCondition)

   EncryptionBootstrapConfiguration matched:
      - @ConditionalOnClass found required class &apos;org.springframework.security.crypto.encrypt.TextEncryptor&apos; (OnClassCondition)

   NacosConfigBootstrapConfiguration matched:
      - @ConditionalOnProperty (spring.cloud.nacos.config.enabled) matched (OnPropertyCondition)

   NacosConfigBootstrapConfiguration#nacosConfigManager matched:
      - @ConditionalOnMissingBean (types: com.alibaba.cloud.nacos.NacosConfigManager; SearchStrategy: all) did not find any beans (OnBeanCondition)

   NacosConfigBootstrapConfiguration#nacosConfigProperties matched:
      - @ConditionalOnMissingBean (types: com.alibaba.cloud.nacos.NacosConfigProperties; SearchStrategy: all) did not find any beans (OnBeanCondition)

   PropertyPlaceholderAutoConfiguration#propertySourcesPlaceholderConfigurer matched:
      - @ConditionalOnMissingBean (types: org.springframework.context.support.PropertySourcesPlaceholderConfigurer; SearchStrategy: current) did not find any beans (OnBeanCondition)


Negative matches:
-----------------

   EncryptionBootstrapConfiguration.RsaEncryptionConfiguration:
      Did not match:
         - Keystore nor key found in Environment (EncryptionBootstrapConfiguration.KeyCondition)
      Matched:
         - @ConditionalOnClass found required class &apos;org.springframework.security.rsa.crypto.RsaSecretEncryptor&apos; (OnClassCondition)

   EncryptionBootstrapConfiguration.VanillaEncryptionConfiguration:
      Did not match:
         - @ConditionalOnMissingClass found unwanted class &apos;org.springframework.security.rsa.crypto.RsaSecretEncryptor&apos; (OnClassCondition)

   NacosDiscoveryClientConfigServiceBootstrapConfiguration:
      Did not match:
         - @ConditionalOnClass did not find required class &apos;org.springframework.cloud.config.client.ConfigServicePropertySourceLocator&apos; (OnClassCondition)


Exclusions:
-----------

    None


Unconditional classes:
----------------------

    None



2025-12-14 10:44:31,724 DEBUG [main][ClasspathLoggingApplicationListener.java:51] - Application started with classpath: [file:/C:/Users/22987/AppData/Roaming/JetBrains/IntelliJIdea2024.1/plugins/ant/dist/ant.jar, file:/D:/code/undergraduated_3_up/SoftWare_Test/XueCheng_Test/xuecheng-plus-content/xuecheng-plus-content-service/lib/HdrHistogram-2.1.12.jar, file:/D:/code/undergraduated_3_up/SoftWare_Test/XueCheng_Test/xuecheng-plus-content/xuecheng-plus-content-service/lib/HikariCP-3.4.5.jar, file:/D:/code/undergraduated_3_up/SoftWare_Test/XueCheng_Test/xuecheng-plus-content/xuecheng-plus-content-service/lib/LatencyUtils-2.0.3.jar, file:/D:/code/undergraduated_3_up/SoftWare_Test/XueCheng_Test/xuecheng-plus-content/xuecheng-plus-content-service/lib/accessors-smart-1.2.jar, file:/D:/code/undergraduated_3_up/SoftWare_Test/XueCheng_Test/xuecheng-plus-content/xuecheng-plus-content-service/lib/android-json-0.0.20131108.vaadin1.jar, file:/D:/code/undergraduated_3_up/SoftWare_Test/XueCheng_Test/xuecheng-plus-content/xuecheng-plus-content-service/lib/animal-sniffer-annotations-1.14.jar, file:/D:/code/undergraduated_3_up/SoftWare_Test/XueCheng_Test/xuecheng-plus-content/xuecheng-plus-content-service/lib/annotations-13.0.jar, file:/D:/code/undergraduated_3_up/SoftWare_Test/XueCheng_Test/xuecheng-plus-content/xuecheng-plus-content-service/lib/apiguardian-api-1.1.0.jar, file:/D:/code/undergraduated_3_up/SoftWare_Test/XueCheng_Test/xuecheng-plus-content/xuecheng-plus-content-service/lib/archaius-core-0.7.6.jar, file:/D:/code/undergraduated_3_up/SoftWare_Test/XueCheng_Test/xuecheng-plus-content/xuecheng-plus-content-service/lib/asm-5.0.4.jar, file:/D:/code/undergraduated_3_up/SoftWare_Test/XueCheng_Test/xuecheng-plus-content/xuecheng-plus-content-service/lib/aspectjweaver-1.9.6.jar, file:/D:/code/undergraduated_3_up/SoftWare_Test/XueCheng_Test/xuecheng-plus-content/xuecheng-plus-content-service/lib/assertj-core-3.16.1.jar, file:/D:/code/undergraduated_3_up/SoftWare_Test/XueCheng_Test/xuecheng-plus-content/xuecheng-plus-content-service/lib/bcpkix-jdk15on-1.64.jar, file:/D:/code/undergraduated_3_up/SoftWare_Test/XueCheng_Test/xuecheng-plus-content/xuecheng-plus-content-service/lib/bcprov-jdk15on-1.64.jar, file:/D:/code/undergraduated_3_up/SoftWare_Test/XueCheng_Test/xuecheng-plus-content/xuecheng-plus-content-service/lib/byte-buddy-1.10.18.jar, file:/D:/code/undergraduated_3_up/SoftWare_Test/XueCheng_Test/xuecheng-plus-content/xuecheng-plus-content-service/lib/byte-buddy-agent-1.10.18.jar, file:/D:/code/undergraduated_3_up/SoftWare_Test/XueCheng_Test/xuecheng-plus-content/xuecheng-plus-content-service/lib/cache-api-1.1.1.jar, file:/D:/code/undergraduated_3_up/SoftWare_Test/XueCheng_Test/xuecheng-plus-content/xuecheng-plus-content-service/lib/checker-compat-qual-2.0.0.jar, file:/D:/code/undergraduated_3_up/SoftWare_Test/XueCheng_Test/xuecheng-plus-content/xuecheng-plus-content-service/lib/classmate-1.5.1.jar, file:/D:/code/undergraduated_3_up/SoftWare_Test/XueCheng_Test/xuecheng-plus-content/xuecheng-plus-content-service/lib/commons-codec-1.14.jar, file:/D:/code/undergraduated_3_up/SoftWare_Test/XueCheng_Test/xuecheng-plus-content/xuecheng-plus-content-service/lib/commons-collections-3.2.2.jar, file:/D:/code/undergraduated_3_up/SoftWare_Test/XueCheng_Test/xuecheng-plus-content/xuecheng-plus-content-service/lib/commons-configuration-1.8.jar, file:/D:/code/undergraduated_3_up/SoftWare_Test/XueCheng_Test/xuecheng-plus-content/xuecheng-plus-content-service/lib/commons-fileupload-1.4.jar, file:/D:/code/undergraduated_3_up/SoftWare_Test/XueCheng_Test/xuecheng-plus-content/xuecheng-plus-content-service/lib/commons-io-2.2.jar, file:/D:/code/undergraduated_3_up/SoftWare_Test/XueCheng_Test/xuecheng-plus-content/xuecheng-plus-content-service/lib/commons-lang-2.6.jar, file:/D:/code/undergraduated_3_up/SoftWare_Test/XueCheng_Test/xuecheng-plus-content/xuecheng-plus-content-service/lib/commons-lang3-3.10.jar, file:/D:/code/undergraduated_3_up/SoftWare_Test/XueCheng_Test/xuecheng-plus-content/xuecheng-plus-content-service/lib/commons-pool2-2.6.2.jar, file:/D:/code/undergraduated_3_up/SoftWare_Test/XueCheng_Test/xuecheng-plus-content/xuecheng-plus-content-service/lib/core-3.3.3.jar, file:/D:/code/undergraduated_3_up/SoftWare_Test/XueCheng_Test/xuecheng-plus-content/xuecheng-plus-content-service/lib/error_prone_annotations-2.1.3.jar, file:/D:/code/undergraduated_3_up/SoftWare_Test/XueCheng_Test/xuecheng-plus-content/xuecheng-plus-content-service/lib/fastjson-1.2.83.jar, file:/D:/code/undergraduated_3_up/SoftWare_Test/XueCheng_Test/xuecheng-plus-content/xuecheng-plus-content-service/lib/feign-core-10.10.1.jar, file:/D:/code/undergraduated_3_up/SoftWare_Test/XueCheng_Test/xuecheng-plus-content/xuecheng-plus-content-service/lib/feign-form-3.8.0.jar, file:/D:/code/undergraduated_3_up/SoftWare_Test/XueCheng_Test/xuecheng-plus-content/xuecheng-plus-content-service/lib/feign-form-spring-3.8.0.jar, file:/D:/code/undergraduated_3_up/SoftWare_Test/XueCheng_Test/xuecheng-plus-content/xuecheng-plus-content-service/lib/feign-httpclient-10.10.1.jar, file:/D:/code/undergraduated_3_up/SoftWare_Test/XueCheng_Test/xuecheng-plus-content/xuecheng-plus-content-service/lib/feign-hystrix-10.10.1.jar, file:/D:/code/undergraduated_3_up/SoftWare_Test/XueCheng_Test/xuecheng-plus-content/xuecheng-plus-content-service/lib/feign-slf4j-10.10.1.jar, file:/D:/code/undergraduated_3_up/SoftWare_Test/XueCheng_Test/xuecheng-plus-content/xuecheng-plus-content-service/lib/freemarker-2.3.30.jar, file:/D:/code/undergraduated_3_up/SoftWare_Test/XueCheng_Test/xuecheng-plus-content/xuecheng-plus-content-service/lib/fst-2.57.jar, file:/D:/code/undergraduated_3_up/SoftWare_Test/XueCheng_Test/xuecheng-plus-content/xuecheng-plus-content-service/lib/groovy-2.5.14.jar, file:/D:/code/undergraduated_3_up/SoftWare_Test/XueCheng_Test/xuecheng-plus-content/xuecheng-plus-content-service/lib/gson-2.8.6.jar, file:/D:/code/undergraduated_3_up/SoftWare_Test/XueCheng_Test/xuecheng-plus-content/xuecheng-plus-content-service/lib/guava-25.0-jre.jar, file:/D:/code/undergraduated_3_up/SoftWare_Test/XueCheng_Test/xuecheng-plus-content/xuecheng-plus-content-service/lib/hamcrest-2.2.jar, file:/D:/code/undergraduated_3_up/SoftWare_Test/XueCheng_Test/xuecheng-plus-content/xuecheng-plus-content-service/lib/hibernate-validator-6.1.6.Final.jar, file:/D:/code/undergraduated_3_up/SoftWare_Test/XueCheng_Test/xuecheng-plus-content/xuecheng-plus-content-service/lib/httpasyncclient-4.1.4.jar, file:/D:/code/undergraduated_3_up/SoftWare_Test/XueCheng_Test/xuecheng-plus-content/xuecheng-plus-content-service/lib/httpclient-4.5.13.jar, file:/D:/code/undergraduated_3_up/SoftWare_Test/XueCheng_Test/xuecheng-plus-content/xuecheng-plus-content-service/lib/httpcore-4.4.14.jar, file:/D:/code/undergraduated_3_up/SoftWare_Test/XueCheng_Test/xuecheng-plus-content/xuecheng-plus-content-service/lib/httpcore-nio-4.4.14.jar, file:/D:/code/undergraduated_3_up/SoftWare_Test/XueCheng_Test/xuecheng-plus-content/xuecheng-plus-content-service/lib/hystrix-core-1.5.18.jar, file:/D:/code/undergraduated_3_up/SoftWare_Test/XueCheng_Test/xuecheng-plus-content/xuecheng-plus-content-service/lib/j2objc-annotations-1.1.jar, file:/D:/code/undergraduated_3_up/SoftWare_Test/XueCheng_Test/xuecheng-plus-content/xuecheng-plus-content-service/lib/jackson-annotations-2.11.3.jar, file:/D:/code/undergraduated_3_up/SoftWare_Test/XueCheng_Test/xuecheng-plus-content/xuecheng-plus-content-service/lib/jackson-core-2.11.3.jar, file:/D:/code/undergraduated_3_up/SoftWare_Test/XueCheng_Test/xuecheng-plus-content/xuecheng-plus-content-service/lib/jackson-databind-2.11.3.jar, file:/D:/code/undergraduated_3_up/SoftWare_Test/XueCheng_Test/xuecheng-plus-content/xuecheng-plus-content-service/lib/jackson-dataformat-yaml-2.11.3.jar, file:/D:/code/undergraduated_3_up/SoftWare_Test/XueCheng_Test/xuecheng-plus-content/xuecheng-plus-content-service/lib/jackson-datatype-jdk8-2.11.3.jar, file:/D:/code/undergraduated_3_up/SoftWare_Test/XueCheng_Test/xuecheng-plus-content/xuecheng-plus-content-service/lib/jackson-datatype-jsr310-2.11.3.jar, file:/D:/code/undergraduated_3_up/SoftWare_Test/XueCheng_Test/xuecheng-plus-content/xuecheng-plus-content-service/lib/jackson-module-parameter-names-2.11.3.jar, file:/D:/code/undergraduated_3_up/SoftWare_Test/XueCheng_Test/xuecheng-plus-content/xuecheng-plus-content-service/lib/jacocoant.jar, file:/D:/code/undergraduated_3_up/SoftWare_Test/XueCheng_Test/xuecheng-plus-content/xuecheng-plus-content-service/lib/jai-imageio-core-1.4.0.jar, file:/D:/code/undergraduated_3_up/SoftWare_Test/XueCheng_Test/xuecheng-plus-content/xuecheng-plus-content-service/lib/jakarta.activation-api-1.2.2.jar, file:/D:/code/undergraduated_3_up/SoftWare_Test/XueCheng_Test/xuecheng-plus-content/xuecheng-plus-content-service/lib/jakarta.annotation-api-1.3.5.jar, file:/D:/code/undergraduated_3_up/SoftWare_Test/XueCheng_Test/xuecheng-plus-content/xuecheng-plus-content-service/lib/jakarta.el-3.0.3.jar, file:/D:/code/undergraduated_3_up/SoftWare_Test/XueCheng_Test/xuecheng-plus-content/xuecheng-plus-content-service/lib/jakarta.validation-api-2.0.2.jar, file:/D:/code/undergraduated_3_up/SoftWare_Test/XueCheng_Test/xuecheng-plus-content/xuecheng-plus-content-service/lib/jakarta.xml.bind-api-2.3.3.jar, file:/D:/code/undergraduated_3_up/SoftWare_Test/XueCheng_Test/xuecheng-plus-content/xuecheng-plus-content-service/lib/javase-3.3.3.jar, file:/D:/code/undergraduated_3_up/SoftWare_Test/XueCheng_Test/xuecheng-plus-content/xuecheng-plus-content-service/lib/javassist-3.21.0-GA.jar, file:/D:/code/undergraduated_3_up/SoftWare_Test/XueCheng_Test/xuecheng-plus-content/xuecheng-plus-content-service/lib/javax.inject-1.jar, file:/D:/code/undergraduated_3_up/SoftWare_Test/XueCheng_Test/xuecheng-plus-content/xuecheng-plus-content-service/lib/jboss-logging-3.4.1.Final.jar, file:/D:/code/undergraduated_3_up/SoftWare_Test/XueCheng_Test/xuecheng-plus-content/xuecheng-plus-content-service/lib/jcommander-1.72.jar, file:/D:/code/undergraduated_3_up/SoftWare_Test/XueCheng_Test/xuecheng-plus-content/xuecheng-plus-content-service/lib/jersey-apache-client4-1.19.1.jar, file:/D:/code/undergraduated_3_up/SoftWare_Test/XueCheng_Test/xuecheng-plus-content/xuecheng-plus-content-service/lib/jersey-client-1.19.1.jar, file:/D:/code/undergraduated_3_up/SoftWare_Test/XueCheng_Test/xuecheng-plus-content/xuecheng-plus-content-service/lib/jersey-core-1.19.1.jar, file:/D:/code/undergraduated_3_up/SoftWare_Test/XueCheng_Test/xuecheng-plus-content/xuecheng-plus-content-service/lib/jodd-bean-5.0.10.jar, file:/D:/code/undergraduated_3_up/SoftWare_Test/XueCheng_Test/xuecheng-plus-content/xuecheng-plus-content-service/lib/jodd-core-5.0.10.jar, file:/D:/code/undergraduated_3_up/SoftWare_Test/XueCheng_Test/xuecheng-plus-content/xuecheng-plus-content-service/lib/json-path-2.4.0.jar, file:/D:/code/undergraduated_3_up/SoftWare_Test/XueCheng_Test/xuecheng-plus-content/xuecheng-plus-content-service/lib/json-smart-2.3.jar, file:/D:/code/undergraduated_3_up/SoftWare_Test/XueCheng_Test/xuecheng-plus-content/xuecheng-plus-content-service/lib/jsonassert-1.5.0.jar, file:/D:/code/undergraduated_3_up/SoftWare_Test/XueCheng_Test/xuecheng-plus-content/xuecheng-plus-content-service/lib/jsqlparser-3.2.jar, file:/D:/code/undergraduated_3_up/SoftWare_Test/XueCheng_Test/xuecheng-plus-content/xuecheng-plus-content-service/lib/jsr305-1.3.9.jar, file:/D:/code/undergraduated_3_up/SoftWare_Test/XueCheng_Test/xuecheng-plus-content/xuecheng-plus-content-service/lib/jsr311-api-1.1.1.jar, file:/D:/code/undergraduated_3_up/SoftWare_Test/XueCheng_Test/xuecheng-plus-content/xuecheng-plus-content-service/lib/jul-to-slf4j-1.7.30.jar, file:/D:/code/undergraduated_3_up/SoftWare_Test/XueCheng_Test/xuecheng-plus-content/xuecheng-plus-content-service/lib/junit-jupiter-5.6.3.jar, file:/D:/code/undergraduated_3_up/SoftWare_Test/XueCheng_Test/xuecheng-plus-content/xuecheng-plus-content-service/lib/junit-jupiter-api-5.6.3.jar, file:/D:/code/undergraduated_3_up/SoftWare_Test/XueCheng_Test/xuecheng-plus-content/xuecheng-plus-content-service/lib/junit-jupiter-engine-5.6.3.jar, file:/D:/code/undergraduated_3_up/SoftWare_Test/XueCheng_Test/xuecheng-plus-content/xuecheng-plus-content-service/lib/junit-jupiter-params-5.6.3.jar, file:/D:/code/undergraduated_3_up/SoftWare_Test/XueCheng_Test/xuecheng-plus-content/xuecheng-plus-content-service/lib/junit-platform-commons-1.6.3.jar, file:/D:/code/undergraduated_3_up/SoftWare_Test/XueCheng_Test/xuecheng-plus-content/xuecheng-plus-content-service/lib/junit-platform-console-standalone-1.9.3.jar, file:/D:/code/undergraduated_3_up/SoftWare_Test/XueCheng_Test/xuecheng-plus-content/xuecheng-plus-content-service/lib/junit-platform-engine-1.6.3.jar, file:/D:/code/undergraduated_3_up/SoftWare_Test/XueCheng_Test/xuecheng-plus-content/xuecheng-plus-content-service/lib/kotlin-stdlib-1.3.72.jar, file:/D:/code/undergraduated_3_up/SoftWare_Test/XueCheng_Test/xuecheng-plus-content/xuecheng-plus-content-service/lib/kotlin-stdlib-common-1.3.72.jar, file:/D:/code/undergraduated_3_up/SoftWare_Test/XueCheng_Test/xuecheng-plus-content/xuecheng-plus-content-service/lib/lettuce-core-5.3.5.RELEASE.jar, file:/D:/code/undergraduated_3_up/SoftWare_Test/XueCheng_Test/xuecheng-plus-content/xuecheng-plus-content-service/lib/log4j-api-2.13.3.jar, file:/D:/code/undergraduated_3_up/SoftWare_Test/XueCheng_Test/xuecheng-plus-content/xuecheng-plus-content-service/lib/log4j-core-2.13.3.jar, file:/D:/code/undergraduated_3_up/SoftWare_Test/XueCheng_Test/xuecheng-plus-content/xuecheng-plus-content-service/lib/log4j-jul-2.13.3.jar, file:/D:/code/undergraduated_3_up/SoftWare_Test/XueCheng_Test/xuecheng-plus-content/xuecheng-plus-content-service/lib/log4j-slf4j-impl-2.13.3.jar, file:/D:/code/undergraduated_3_up/SoftWare_Test/XueCheng_Test/xuecheng-plus-content/xuecheng-plus-content-service/li
[...]
	at java.util.stream.StreamSpliterators$WrappingSpliterator.forEachRemaining(StreamSpliterators.java:312)
	at java.util.stream.Streams$ConcatSpliterator.forEachRemaining(Streams.java:743)
	at java.util.stream.Streams$ConcatSpliterator.forEachRemaining(Streams.java:742)
	at java.util.stream.ReferencePipeline$Head.forEach(ReferencePipeline.java:580)
	at org.junit.jupiter.engine.descriptor.ClassBasedTestDescriptor.invokeTestInstancePostProcessors(ClassBasedTestDescriptor.java:340)
	at org.junit.jupiter.engine.descriptor.ClassBasedTestDescriptor.instantiateAndPostProcessTestInstance(ClassBasedTestDescriptor.java:263)
	at org.junit.jupiter.engine.descriptor.ClassBasedTestDescriptor.lambda$testInstancesProvider$2(ClassBasedTestDescriptor.java:256)
	at java.util.Optional.orElseGet(Optional.java:267)
	at org.junit.jupiter.engine.descriptor.ClassBasedTestDescriptor.lambda$testInstancesProvider$3(ClassBasedTestDescriptor.java:255)
	at org.junit.jupiter.engine.execution.TestInstancesProvider.getTestInstances(TestInstancesProvider.java:29)
	at org.junit.jupiter.engine.descriptor.TestMethodTestDescriptor.lambda$prepare$0(TestMethodTestDescriptor.java:108)
	at org.junit.platform.engine.support.hierarchical.ThrowableCollector.execute(ThrowableCollector.java:73)
	at org.junit.jupiter.engine.descriptor.TestMethodTestDescriptor.prepare(TestMethodTestDescriptor.java:107)
	at org.junit.jupiter.engine.descriptor.TestMethodTestDescriptor.prepare(TestMethodTestDescriptor.java:71)
	at org.junit.platform.engine.support.hierarchical.NodeTestTask.lambda$prepare$2(NodeTestTask.java:123)
	at org.junit.platform.engine.support.hierarchical.ThrowableCollector.execute(ThrowableCollector.java:73)
	at org.junit.platform.engine.support.hierarchical.NodeTestTask.prepare(NodeTestTask.java:123)
	at org.junit.platform.engine.support.hierarchical.NodeTestTask.execute(NodeTestTask.java:90)
	at java.util.ArrayList.forEach(ArrayList.java:1259)
	at org.junit.platform.engine.support.hierarchical.SameThreadHierarchicalTestExecutorService.invokeAll(SameThreadHierarchicalTestExecutorService.java:41)
	at org.junit.platform.engine.support.hierarchical.NodeTestTask.lambda$executeRecursively$6(NodeTestTask.java:155)
	at org.junit.platform.engine.support.hierarchical.ThrowableCollector.execute(ThrowableCollector.java:73)
	at org.junit.platform.engine.support.hierarchical.NodeTestTask.lambda$executeRecursively$8(NodeTestTask.java:141)
	at org.junit.platform.engine.support.hierarchical.Node.around(Node.java:137)
	at org.junit.platform.engine.support.hierarchical.NodeTestTask.lambda$executeRecursively$9(NodeTestTask.java:139)
	at org.junit.platform.engine.support.hierarchical.ThrowableCollector.execute(ThrowableCollector.java:73)
	at org.junit.platform.engine.support.hierarchical.NodeTestTask.executeRecursively(NodeTestTask.java:138)
	at org.junit.platform.engine.support.hierarchical.NodeTestTask.execute(NodeTestTask.java:95)
	at java.util.ArrayList.forEach(ArrayList.java:1259)
	at org.junit.platform.engine.support.hierarchical.SameThreadHierarchicalTestExecutorService.invokeAll(SameThreadHierarchicalTestExecutorService.java:41)
	at org.junit.platform.engine.support.hierarchical.NodeTestTask.lambda$executeRecursively$6(NodeTestTask.java:155)
	at org.junit.platform.engine.support.hierarchical.ThrowableCollector.execute(ThrowableCollector.java:73)
	at org.junit.platform.engine.support.hierarchical.NodeTestTask.lambda$executeRecursively$8(NodeTestTask.java:141)
	at org.junit.platform.engine.support.hierarchical.Node.around(Node.java:137)
	at org.junit.platform.engine.support.hierarchical.NodeTestTask.lambda$executeRecursively$9(NodeTestTask.java:139)
	at org.junit.platform.engine.support.hierarchical.ThrowableCollector.execute(ThrowableCollector.java:73)
	at org.junit.platform.engine.support.hierarchical.NodeTestTask.executeRecursively(NodeTestTask.java:138)
	at org.junit.platform.engine.support.hierarchical.NodeTestTask.execute(NodeTestTask.java:95)
	at org.junit.platform.engine.support.hierarchical.SameThreadHierarchicalTestExecutorService.submit(SameThreadHierarchicalTestExecutorService.java:35)
	at org.junit.platform.engine.support.hierarchical.HierarchicalTestExecutor.execute(HierarchicalTestExecutor.java:57)
	at org.junit.platform.engine.support.hierarchical.HierarchicalTestEngine.execute(HierarchicalTestEngine.java:54)
	at org.junit.platform.launcher.core.EngineExecutionOrchestrator.execute(EngineExecutionOrchestrator.java:147)
	at org.junit.platform.launcher.core.EngineExecutionOrchestrator.execute(EngineExecutionOrchestrator.java:127)
	at org.junit.platform.launcher.core.EngineExecutionOrchestrator.execute(EngineExecutionOrchestrator.java:90)
	at org.junit.platform.launcher.core.EngineExecutionOrchestrator.lambda$execute$0(EngineExecutionOrchestrator.java:55)
	at org.junit.platform.launcher.core.EngineExecutionOrchestrator.withInterceptedStreams(EngineExecutionOrchestrator.java:102)
	at org.junit.platform.launcher.core.EngineExecutionOrchestrator.execute(EngineExecutionOrchestrator.java:54)
	at org.junit.platform.launcher.core.DefaultLauncher.execute(DefaultLauncher.java:114)
	at org.junit.platform.launcher.core.DefaultLauncher.execute(DefaultLauncher.java:86)
	at org.junit.platform.launcher.core.DefaultLauncherSession$DelegatingLauncher.execute(DefaultLauncherSession.java:86)
	at org.junit.platform.launcher.core.SessionPerRequestLauncher.execute(SessionPerRequestLauncher.java:53)
	at org.apache.tools.ant.taskdefs.optional.junitlauncher.LauncherSupport.launch(LauncherSupport.java:145)
	at org.apache.tools.ant.taskdefs.optional.junitlauncher.StandaloneLauncher.main(StandaloneLauncher.java:114)
Caused by: org.springframework.beans.factory.UnsatisfiedDependencyException: Error creating bean with name 'mqMessageHistoryServiceImpl': Unsatisfied dependency expressed through field 'baseMapper'; nested exception is org.springframework.beans.factory.UnsatisfiedDependencyException: Error creating bean with name 'mqMessageHistoryMapper' defined in URL [jar:file:/D:/code/undergraduated_3_up/SoftWare_Test/XueCheng_Test/xuecheng-plus-content/xuecheng-plus-content-service/lib/xuecheng-plus-message-sdk-0.0.1-SNAPSHOT.jar!/com/xuecheng/messagesdk/mapper/MqMessageHistoryMapper.class]: Unsatisfied dependency expressed through bean property 'sqlSessionFactory'; nested exception is org.springframework.beans.factory.UnsatisfiedDependencyException: Error creating bean with name 'sqlSessionFactory' defined in class path resource [com/baomidou/mybatisplus/autoconfigure/MybatisPlusAutoConfiguration.class]: Unsatisfied dependency expressed through method 'sqlSessionFactory' parameter 0; nested exception is org.springframework.beans.factory.BeanCreationException: Error creating bean with name 'dataSource' defined in class path resource [org/springframework/boot/autoconfigure/jdbc/DataSourceConfiguration$Hikari.class]: Bean instantiation via factory method failed; nested exception is org.springframework.beans.BeanInstantiationException: Failed to instantiate [com.zaxxer.hikari.HikariDataSource]: Factory method 'dataSource' threw exception; nested exception is org.springframework.boot.autoconfigure.jdbc.DataSourceProperties$DataSourceBeanCreationException: Failed to determine a suitable driver class
	at org.springframework.beans.factory.annotation.AutowiredAnnotationBeanPostProcessor$AutowiredFieldElement.inject(AutowiredAnnotationBeanPostProcessor.java:643)
	at org.springframework.beans.factory.annotation.InjectionMetadata.inject(InjectionMetadata.java:119)
	at org.springframework.beans.factory.annotation.AutowiredAnnotationBeanPostProcessor.postProcessProperties(AutowiredAnnotationBeanPostProcessor.java:399)
	at org.springframework.beans.factory.support.AbstractAutowireCapableBeanFactory.populateBean(AbstractAutowireCapableBeanFactory.java:1420)
	at org.springframework.beans.factory.support.AbstractAutowireCapableBeanFactory.doCreateBean(AbstractAutowireCapableBeanFactory.java:593)
	at org.springframework.beans.factory.support.AbstractAutowireCapableBeanFactory.createBean(AbstractAutowireCapableBeanFactory.java:516)
	at org.springframework.beans.factory.support.AbstractBeanFactory.lambda$doGetBean$0(AbstractBeanFactory.java:324)
	at org.springframework.beans.factory.support.DefaultSingletonBeanRegistry.getSingleton(DefaultSingletonBeanRegistry.java:234)
	at org.springframework.beans.factory.support.AbstractBeanFactory.doGetBean(AbstractBeanFactory.java:322)
	at org.springframework.beans.factory.support.AbstractBeanFactory.getBean(AbstractBeanFactory.java:202)
	at org.springframework.beans.factory.support.DefaultListableBeanFactory.preInstantiateSingletons(DefaultListableBeanFactory.java:897)
	at org.springframework.context.support.AbstractApplicationContext.finishBeanFactoryInitialization(AbstractApplicationContext.java:879)
	at org.springframework.context.support.AbstractApplicationContext.refresh(AbstractApplicationContext.java:551)
	at org.springframework.boot.SpringApplication.refresh(SpringApplication.java:758)
	at org.springframework.boot.SpringApplication.refresh(SpringApplication.java:750)
	at org.springframework.boot.SpringApplication.refreshContext(SpringApplication.java:405)
	at org.springframework.boot.SpringApplication.run(SpringApplication.java:315)
	at org.springframework.boot.test.context.SpringBootContextLoader.loadContext(SpringBootContextLoader.java:120)
	at org.springframework.test.context.cache.DefaultCacheAwareContextLoaderDelegate.loadContextInternal(DefaultCacheAwareContextLoaderDelegate.java:99)
	at org.springframework.test.context.cache.DefaultCacheAwareContextLoaderDelegate.loadContext(DefaultCacheAwareContextLoaderDelegate.java:124)
	... 66 more
Caused by: org.springframework.beans.factory.UnsatisfiedDependencyException: Error creating bean with name 'mqMessageHistoryMapper' defined in URL [jar:file:/D:/code/undergraduated_3_up/SoftWare_Test/XueCheng_Test/xuecheng-plus-content/xuecheng-plus-content-service/lib/xuecheng-plus-message-sdk-0.0.1-SNAPSHOT.jar!/com/xuecheng/messagesdk/mapper/MqMessageHistoryMapper.class]: Unsatisfied dependency expressed through bean property 'sqlSessionFactory'; nested exception is org.springframework.beans.factory.UnsatisfiedDependencyException: Error creating bean with name 'sqlSessionFactory' defined in class path resource [com/baomidou/mybatisplus/autoconfigure/MybatisPlusAutoConfiguration.class]: Unsatisfied dependency expressed through method 'sqlSessionFactory' parameter 0; nested exception is org.springframework.beans.factory.BeanCreationException: Error creating bean with name 'dataSource' defined in class path resource [org/springframework/boot/autoconfigure/jdbc/DataSourceConfiguration$Hikari.class]: Bean instantiation via factory method failed; nested exception is org.springframework.beans.BeanInstantiationException: Failed to instantiate [com.zaxxer.hikari.HikariDataSource]: Factory method 'dataSource' threw exception; nested exception is org.springframework.boot.autoconfigure.jdbc.DataSourceProperties$DataSourceBeanCreationException: Failed to determine a suitable driver class
	at org.springframework.beans.factory.support.AbstractAutowireCapableBeanFactory.autowireByType(AbstractAutowireCapableBeanFactory.java:1524)
	at org.springframework.beans.factory.support.AbstractAutowireCapableBeanFactory.populateBean(AbstractAutowireCapableBeanFactory.java:1404)
	at org.springframework.beans.factory.support.AbstractAutowireCapableBeanFactory.doCreateBean(AbstractAutowireCapableBeanFactory.java:593)
	at org.springframework.beans.factory.support.AbstractAutowireCapableBeanFactory.createBean(AbstractAutowireCapableBeanFactory.java:516)
	at org.springframework.beans.factory.support.AbstractBeanFactory.lambda$doGetBean$0(AbstractBeanFactory.java:324)
	at org.springframework.beans.factory.support.DefaultSingletonBeanRegistry.getSingleton(DefaultSingletonBeanRegistry.java:234)
	at org.springframework.beans.factory.support.AbstractBeanFactory.doGetBean(AbstractBeanFactory.java:322)
	at org.springframework.beans.factory.support.AbstractBeanFactory.getBean(AbstractBeanFactory.java:202)
	at org.springframework.beans.factory.config.DependencyDescriptor.resolveCandidate(DependencyDescriptor.java:276)
	at org.springframework.beans.factory.support.DefaultListableBeanFactory.doResolveDependency(DefaultListableBeanFactory.java:1307)
	at org.springframework.beans.factory.support.DefaultListableBeanFactory.resolveDependency(DefaultListableBeanFactory.java:1227)
	at org.springframework.beans.factory.annotation.AutowiredAnnotationBeanPostProcessor$AutowiredFieldElement.inject(AutowiredAnnotationBeanPostProcessor.java:640)
	... 85 more
Caused by: org.springframework.beans.factory.UnsatisfiedDependencyException: Error creating bean with name 'sqlSessionFactory' defined in class path resource [com/baomidou/mybatisplus/autoconfigure/MybatisPlusAutoConfiguration.class]: Unsatisfied dependency expressed through method 'sqlSessionFactory' parameter 0; nested exception is org.springframework.beans.factory.BeanCreationException: Error creating bean with name 'dataSource' defined in class path resource [org/springframework/boot/autoconfigure/jdbc/DataSourceConfiguration$Hikari.class]: Bean instantiation via factory method failed; nested exception is org.springframework.beans.BeanInstantiationException: Failed to instantiate [com.zaxxer.hikari.HikariDataSource]: Factory method 'dataSource' threw exception; nested exception is org.springframework.boot.autoconfigure.jdbc.DataSourceProperties$DataSourceBeanCreationException: Failed to determine a suitable driver class
	at org.springframework.beans.factory.support.ConstructorResolver.createArgumentArray(ConstructorResolver.java:799)
	at org.springframework.beans.factory.support.ConstructorResolver.instantiateUsingFactoryMethod(ConstructorResolver.java:540)
	at org.springframework.beans.factory.support.AbstractAutowireCapableBeanFactory.instantiateUsingFactoryMethod(AbstractAutowireCapableBeanFactory.java:1336)
	at org.springframework.beans.factory.support.AbstractAutowireCapableBeanFactory.createBeanInstance(AbstractAutowireCapableBeanFactory.java:1176)
	at org.springframework.beans.factory.support.AbstractAutowireCapableBeanFactory.doCreateBean(AbstractAutowireCapableBeanFactory.java:556)
	at org.springframework.beans.factory.support.AbstractAutowireCapableBeanFactory.createBean(AbstractAutowireCapableBeanFactory.java:516)
	at org.springframework.beans.factory.support.AbstractBeanFactory.lambda$doGetBean$0(AbstractBeanFactory.java:324)
	at org.springframework.beans.factory.support.DefaultSingletonBeanRegistry.getSingleton(DefaultSingletonBeanRegistry.java:234)
	at org.springframework.beans.factory.support.AbstractBeanFactory.doGetBean(AbstractBeanFactory.java:322)
	at org.springframework.beans.factory.support.AbstractBeanFactory.getBean(AbstractBeanFactory.java:202)
	at org.springframework.beans.factory.config.DependencyDescriptor.resolveCandidate(DependencyDescriptor.java:276)
	at org.springframework.beans.factory.support.DefaultListableBeanFactory.doResolveDependency(DefaultListableBeanFactory.java:1307)
	at org.springframework.beans.factory.support.DefaultListableBeanFactory.resolveDependency(DefaultListableBeanFactory.java:1227)
	at org.springframework.beans.factory.support.AbstractAutowireCapableBeanFactory.autowireByType(AbstractAutowireCapableBeanFactory.java:1509)
	... 96 more
Caused by: org.springframework.beans.factory.BeanCreationException: Error creating bean with name 'dataSource' defined in class path resource [org/springframework/boot/autoconfigure/jdbc/DataSourceConfiguration$Hikari.class]: Bean instantiation via factory method failed; nested exception is org.springframework.beans.BeanInstantiationException: Failed to instantiate [com.zaxxer.hikari.HikariDataSource]: Factory method 'dataSource' threw exception; nested exception is org.springframework.boot.autoconfigure.jdbc.DataSourceProperties$DataSourceBeanCreationException: Failed to determine a suitable driver class
	at org.springframework.beans.factory.support.ConstructorResolver.instantiate(ConstructorResolver.java:657)
	at org.springframework.beans.factory.support.ConstructorResolver.instantiateUsingFactoryMethod(ConstructorResolver.java:637)
	at org.springframework.beans.factory.support.AbstractAutowireCapableBeanFactory.instantiateUsingFactoryMethod(AbstractAutowireCapableBeanFactory.java:1336)
	at org.springframework.beans.factory.support.AbstractAutowireCapableBeanFactory.createBeanInstance(AbstractAutowireCapableBeanFactory.java:1176)
	at org.springframework.beans.factory.support.AbstractAutowireCapableBeanFactory.doCreateBean(AbstractAutowireCapableBeanFactory.java:556)
	at org.springframework.beans.factory.support.AbstractAutowireCapableBeanFactory.createBean(AbstractAutowireCapableBeanFactory.java:516)
	at org.springframework.beans.factory.support.AbstractBeanFactory.lambda$doGetBean$0(AbstractBeanFactory.java:324)
	at org.springframework.beans.factory.support.DefaultSingletonBeanRegistry.getSingleton(DefaultSingletonBeanRegistry.java:234)
	at org.springframework.beans.factory.support.AbstractBeanFactory.doGetBean(AbstractBeanFactory.java:322)
	at org.springframework.beans.factory.support.AbstractBeanFactory.getBean(AbstractBeanFactory.java:202)
	at org.springframework.beans.factory.config.DependencyDescriptor.resolveCandidate(DependencyDescriptor.java:276)
	at org.springframework.beans.factory.support.DefaultListableBeanFactory.doResolveDependency(DefaultListableBeanFactory.java:1307)
	at org.springframework.beans.factory.support.DefaultListableBeanFactory.resolveDependency(DefaultListableBeanFactory.java:1227)
	at org.springframework.beans.factory.support.ConstructorResolver.resolveAutowiredArgument(ConstructorResolver.java:886)
	at org.springframework.beans.factory.support.ConstructorResolver.createArgumentArray(ConstructorResolver.java:790)
	... 109 more
Caused by: org.springframework.beans.BeanInstantiationException: Failed to instantiate [com.zaxxer.hikari.HikariDataSource]: Factory method 'dataSource' threw exception; nested exception is org.springframework.boot.autoconfigure.jdbc.DataSourceProperties$DataSourceBeanCreationException: Failed to determine a suitable driver class
	at org.springframework.beans.factory.support.SimpleInstantiationStrategy.instantiate(SimpleInstantiationStrategy.java:185)
	at org.springframework.beans.factory.support.ConstructorResolver.instantiate(ConstructorResolver.java:652)
	... 123 more
Caused by: org.springframework.boot.autoconfigure.jdbc.DataSourceProperties$DataSourceBeanCreationException: Failed to determine a suitable driver class
	at org.springframework.boot.autoconfigure.jdbc.DataSourceProperties.determineDriverClassName(DataSourceProperties.java:235)
	at org.springframework.boot.autoconfigure.jdbc.DataSourceProperties.initializeDataSourceBuilder(DataSourceProperties.java:176)
	at org.springframework.boot.autoconfigure.jdbc.DataSourceConfiguration.createDataSource(DataSourceConfiguration.java:43)
	at org.springframework.boot.autoconfigure.jdbc.DataSourceConfiguration$Hikari.dataSource(DataSourceConfiguration.java:85)
	at sun.reflect.NativeMethodAccessorImpl.invoke0(Native Method)
	at sun.reflect.NativeMethodAccessorImpl.invoke(NativeMethodAccessorImpl.java:62)
	at sun.reflect.DelegatingMethodAccessorImpl.invoke(DelegatingMethodAccessorImpl.java:43)
	at java.lang.reflect.Method.invoke(Method.java:498)
	at org.springframework.beans.factory.support.SimpleInstantiationStrategy.instantiate(SimpleInstantiationStrategy.java:154)
	... 124 more
]]></failure>
    </testcase>
    <system-out>
  .   ____          _            __ _ _
 /\\ / ___&apos;_ __ _ _(_)_ __  __ _ \ \ \ \
( ( )\___ | &apos;_ | &apos;_| | &apos;_ \/ _` | \ \ \ \
 \\/  ___)| |_)| | | | | || (_| |  ) ) ) )
  &apos;  |____| .__|_| |_|_| |_\__, | / / / /
 =========|_|==============|___/=/_/_/_/
 :: Spring Boot ::        (v2.3.7.RELEASE)

</system-out>
  </testsuite>
</testsuites>
