<?xml version="1.0" ?><testsuite name="com.xuecheng.content.CourseBaseInfoServiceTests" time="0.752" timestamp="2025-12-14T02:44:29" tests="2" failures="0" skipped="0" aborted="0"><properties>
[...]
</properties><testcase classname="com.xuecheng.content.CourseBaseInfoServiceTests" name="testQueryCourseBaseList_NullParams()" time="0.681"></testcase><testcase classname="com.xuecheng.content.CourseBaseInfoServiceTests" name="testQueryCourseBaseList_WithConditions()" time="0.003"></testcase></testsuite>